5 1
10 2
15 3
20 4
25 6
30 7
35 8
40 9
45 10
50 12
55 13
60 14
65 15
70 16
75 18
80 19
85 20
90 21
95 22
100 24
105 25
110 26
115 27
120 28
125 31
130 32
135 33
140 34
145 35
150 37
155 38
160 39
165 40
170 41
175 43
180 44
185 45
190 46
195 47
200 49
205 50
210 51
215 52
220 53
225 55
230 56
235 57
240 58
245 59
250 62
255 63
260 64
265 65
270 66
275 68
280 69
285 70
290 71
295 72
300 74
305 75
310 76
315 77
320 78
325 80
330 81
335 82
340 83
345 84
350 86
355 87
360 88
365 89
370 90
375 93
380 94
385 95
390 96
395 97
400 99
405 100
410 101
415 102
420 103
425 105
430 106
435 107
440 108
445 109
450 111
455 112
460 113
465 114
470 115
475 117
480 118
485 119
490 120
495 121
500 124
505 125
510 126
515 127
520 128
128