2537
31108
8730
3480
22296
196
3324
8632
13284
27702
18704
21780
26110
18780
8790
20620
25900
4848
17240
4752
17004
26682
14730
10932
2996
27356
22794
22116
27198
770
9210
3260
32454
2916
9240
30016
30352
24468
1158
4356
12294
31086
6140
1110
5466
11226
5838
7848
9558
9220
15996
14160
22872
24808
23960
13420
8256
6156
26478
11080
7830
25840
642
2460
11180
29260
23904
696
22040
21870
32076
1876
27654
23010
16308
23616
25920
20154
25568
15568
26144
13788
11538
13062
10506
24906
30522
32010
25520
4026
1344
28416
18414
4062
14106
9500
10626
6848
27768
16008
612
23304
15546
18460
21474
12960
18030
19428
13638
10626
25152
9282
3690
17364
1782
4160
25554
7344
13212
32344
18642
10976
18240
1620
8058
17780
728
12964
1792
4136
7452
2142
22980
20358
15756
7206
23672
4864
16812
750
24128
7758
20088
7818
26160
12152
32514
2480
4026
19116
1920
9576
32800
15220
28746
21732
15636
3972
32550
29376
8544
14586
25260
28758
31880
20418
12144
7224
22830
5670
990
10656
24882
13338
13152
104
21576
3430
12426
19420
25584
5928
9300
8922
7436
23870
2208
8184
9216
7470
15940
23860
30642
24892
3624
7500
20844
19540
22784
27210
20610
13980
27210
16072
1870
25296
25690
18384
30702
27140
29154
26082
22536
14220
4584
7800
10900
16328
6016
30632
27606
28878
26028
26180
4050
22616
8000
28956
24186
14980
15402
2592
6060
12500
31192
25520
22520
25788
3516
8708
8720
6960
22760
25668
11096
14560
30132
14160
23706
31180
17640
18234
15920
1408
17020
10812
18210
30668
8620
30256
7602
6612
23400
31020
13728
15780
10024
2670
19944
6664
10242
5556
7120
7986
13440
26532
7206
23172
19314
13968
16254
8960
21906
5148
22288
20488
12280
13230
17180
7128
31464
31872
13212
18936
4280
8890
21600
27328
336
21520
32552
6126
8376
25578
3516
23976
1400
31360
22062
19518
17860
12300
32124
10380
16920
25080
14436
19480
9156
18326
13400
22254
6180
13748
20864
16398
14250
23148
29544
10272
28688
29150
3740
28458
9186
19864
32286
19554
22806
27846
2076
22548
29178
12620
20180
22386
380
18872
126
22212
8764
9696
20356
17936
32736
30280
3740
14392
19194
30888
17272
21474
2676
3416
15186
20672
31206
31024
21260
26286
4032
1068
10692
29562
20844
24636
10776
15018
7910
17388
23664
17994
1316
17732
4060
12954
23072
3164
10128
31944
18078
8364
750
22806
18320
11244
29040
24012
7854
10734
26748
15282
16248
9555
29076
5624
20850
9128
15736
28360
20598
5740
11176
2556
6426
27834
6438
9132
8228
25536
498
9372
19908
26358
9156
22040
5848
15630
1722
6162
22620
21408
2532
19044
23892
1704
21910
12420
29568
28168
31218
21012
17948
7860
8874
18282
1284
3924
30900
22176
22176
1128
22476
21318
1284
2082
11268
25722
13896
770
9378
30654
4312
10950
20508
28992
19456
24036
9882
5390
17502
18276
20070
7446
22992
22988
28638
16836
15498
27198
11406
14010
30548
23280
25860
24892
18126
12570
10530
2274
18510
13620
29288
3668
7278
15078
32832
28818
18846
2704
21342
28800
4896
25026
17604
12960
20692
16176
14484
18088
13248
24850
9138
21624
5976
15620
27420
25380
21112
26082
18090
5632
15100
11452
27426
23104
10716
5168
24208
12032
30396
12690
26908
26244
29658
18456
6424
6786
13596
2724
31395
13902
28830
29850
9248
32160
27408
12720
4314
2992
31160
17826
24400
23056
2205
25872
29742
32536
13374
3090
7254
23056
9738
32500
10092
5360
11778
16734
23652
11340
9618
10728
20240
11180
28422
3612
1400
23916
29720
12670
17628
13620
22344
12582
18498
16566
15300
9728
1908
13184
16440
26360
11502
31398
19356
24204
16632
24414
6808
704
29796
25700
23844
24096
27600
13272
2556
5110
21024
4950
29180
9666
4780
21260
30968
25566
30858
11792
27040
5980
8178
1976
13360
21750
16536
27354
18036
32600
26448
612
12824
8502
19008
21056
32076
24820
3976
24396
26322
18498
27672
26080
25074
11598
25960
7150
21594
9708
21672
14916
9180
9762
25050
2058
15084
23364
3776
29680
1830
9768
27396
24258
29622
20992
19100
4326
22050
2574
30276
840
6076
31932
31986
12110
4524
24168
32344
30960
7896
5250
2586
4080
14016
22900
12912
4408
31372
18656
30750
14900
21328
32838
29904
29502
6650
28665
24052
7470
594
17248
23544
24820
15380
19284
20076
7904
22494
23928
4272
16242
25168
8394
11424
32430
25512
11288
11400
204
9240
15600
928
6624
29925
7086
4668
24500
21576
29850
27896
11802
10052
30444
18760
16368
3426
29820
9378
22068
30918
15570
7680
15460
27720
21552
17184
3936
27170
30620
4472
25004
31038
28566
20376
19494
11790
8900
11196
7912
17332
408
6232
16730
30072
12732
16926
23550
5562
24462
18708
27944
24918
31020
21210
29268
16302
32646
7446
2664
8286
18414
11028
28014
31900
7194
1782
5106
27872
15468
18696
22668
2088
18492
24066
3052
14736
32732
11388
1960
21012
20442
5000
21324
2916
7644
28215
10176
1938
10110
16020
21940
19926
30372
26934
27650
6640
28866
30906
28000
11364
1482
22484
23964
25644
8826
22470
318
13800
24864
8676
5802
26394
20388
11916
19566
29424
23802
23286
9590
20570
19968
12510
9750
27860
12460
1266
24882
15822
8536
7812
6076
4596
7254
6848
27840
5478
31266
10052
21940
19380
30832
31194
30714
7146
17724
28422
6306
29500
18816
5704
13116
784
29328
24936
4746
11754
7806
3204
17436
25240
23100
24192
25956
28180
7420
5124
3126
20048
27824
28962
27726
27162
20592
9216
28338
6790
16870
6966
14000
8550
10650
28596
31458
1614
26720
19230
24396
3378
32430
6612
25472
15078
13452
13880
25356
19002
13220
24880
17360
28332
4554
29502
4896
9212
2766
20460
18876
14922
20148
2420
4140
19712
8520
8298
13764
29034
17754
8400
32802
20658
23450
20804
21945
18824
28614
29322
2952
28332
24954
14514
30996
11680
9780
7116
20128
6076
20475
20190
23124
10986
28692
25280
32862
2584
11916
17730
10818
12464
27918
31040
4992
12630
32752
32226
12948
20482
17272
19180
8928
28764
10146
27076
6054
6804
26280
22338
19620
156
32730
4050
14226
19880
18714
13176
8562
30138
31506
9564
14706
21424
6090
546
29536
21504
26496
27570
10944
27432
9726
18648
9120
18636
32154
27894
12552
8436
26884
10380
1746
23300
19660
14136
30042
1360
9282
13482
18984
24752
19650
13434
19452
10820
16065
16580
7116
5120
20154
14136
6096
3472
28350
17208
25344
17946
18096
16254
13938
19900
13216
6966
1520
22230
31304
26660
6606
25228
4974
25038
14058
15148
30132
31128
12492
23808
30162
3066
32580
24564
19656
11076
13132
20672
17082
26082
21228
3504
7182
23260
8592
2772
21096
6030
7956
30564
3138
21320
5908
3636
24984
9372
29800
544
4890
11862
31590
2244
2172
26382
23052
11816
20496
20028
7404
22820
24204
32400
28760
19880
25816
32788
32616
2652
882
7074
14608
22784
13128
9372
19536
25746
28756
24396
17286
372
648
17184
660
32706
30738
26145
14070
3108
10542
15884
26010
25314
21696
30864
4270
26256
24340
5484
16254
7068
24048
13664
2226
1050
9180
17200
23860
9564
6486
10656
14248
2424
17152
30640
32172
3906
9876
2100
32574
32336
27822
25040
15240
7728
21930
17208
21510
31660
22542
29076
18726
3588
14508
3276
18824
10242
22266
32788
13692
12232
11020
22350
17712
21570
19720
18880
17632
31644
11988
28912
3684
22632
8886
1888
27540
17598
972
27162
31864
3366
30184
12606
23860
5140
3402
16492
32748
3756
11016
11742
13944
3810
22776
29562
25732
18850
6738
32586
22110
29072
19280
2862
27000
27356
11070
15258
24990
1218
7448
6032
18088
15580
28392
10400
666
10948
7245
25602
10350
28280
20460
18306
26778
25816
4720
32540
18384
19328
5370
14496
7302
24798
17272
14442
30756
15148
26442
13370
23352
1848
8046
19024
16828
7650
22746
8424
1656
10782
9168
4050
8932
23920
23860
13848
15260
294
3972
23856
30600
31476
9522
31800
30712
23324
11838
4572
10170
21576
9180
10302
10242
23000
18858
28266
9264
9020
11448
29008
19344
23340
16752
2376
25424
8832
8528
8022
31056
30560
22374
15144
5236
27942
7974
26394
21102
13596
15234
25690
31428
30366
25060
23940
12216
18876
23452
25914
22206
9618
23046
10824
20304
12250
31662
16446
13362
672
12716
2796
19848
20356
26556
18918
4008
30832
21390
22316
18224
29886
20500
20238
21138
24510
12464
15108
28070
14120
17418
18400
22568
18944
17148
6396
18558
12726
20196
10038
6342
12330
30462
28338
23502
22632
27560
17700
4672
27462
25734
8860
25044
1956
21660
11766
5514
19038
12234
8886
6292
7566
16974
1664
31194
31146
12915
2004
23464
30352
26334
28336
23196
19400
31696
23544
25476
15752
25458
28296
26784
23964
24270
6252
18246
14694
1352
8216
14144
24732
14880
9200
28494
12384
8296
2400
26264
1638
1698
12912
22484
11552
9690
9184
13284
8580
28026
31182
28872
426
12236
20920
29574
14184
24112
18342
31428
31700
12784
8708
17874
11028
1068
10224
30548
6624
31416
25216
23020
31592
12306
5022
21762
11820
7588
2364
30396
4840
28704
22866
26544
11310
25992
29696
9640
26404
23964
23220
28818
22470
17990
27726
25560
18618
32208
15612
9762
22820
21156
13038
8680
27636
14586
27660
24234
28784
19956
1566
4144
21696
24402
4806
26128
5730
14154
13090
18366
13384
25564
24942
20100
14770
9132
20262
21296
24708
25644
17856
13638
4872
20420
1160
32502
15852
19092
5336
4458
16928
1494
3450
27904
9570
15258
32528
15828
20622
30048
19758
15568
1158
29604
8106
8412
18276
29500
20336
3522
13614
1575
30534
23262
9150
25770
3840
30984
9216
5472
32260
7848
4672
5292
9540
20814
21140
7384
444
32496
4800
31108
29890
24750
13980
5896
5896
9420
28920
26400
19098
7280
12380
19236
22204
14820
16098
16314
27972
14376
18198
18172
28002
21672
27280
29880
16420
10404
16818
28272
26660
7842
32850
834
29008
24030
4440
2538
22050
10062
29480
14280
13788
10290
29814
29802
11496
26124
6132
980
11368
26312
32574
14682
25392
1626
4404
30942
8160
32286
7232
28710
3954
30858
11310
10950
13890
13542
20400
11448
32766
6608
20610
4300
13224
20540
20694
18840
2920
23634
4656
9420
3282
32480
12232
608
12048
10014
6474
9604
26388
28680
7542
18816
24516
12500
27228
576
12232
12220
27996
32244
160
17712
6615
11784
14172
9258
25360
8850
8620
21868
8400
11050
27594
4908
19164
29742
6328
20200
21040
20680
6624
25998
27348
24744
24744
13120
3750
32856
18630
26390
9440
14238
25008
17688
16192
32140
24310
18846
3558
29502
28014
25992
28764
1440
25550
25004
5068
9620
18128
15264
1560
15636
18024
27330
6000
246
25296
17718
17160
6600
14172
17112
28740
31304
26128
16192
12880
4728
3318
24700
17020
6520
18852
15048
27654
4480
1440
1338
29268
5370
21990
17164
7756
7932
24126
25320
2328
11568
4848
1350
3120
29574
234
24318
29826
342
22698
17064
828
25074
984
16240
15000
114
13194
9272
32116
1720
13752
6460
32528
2424
12584
19096
31530
15496
14856
17754
31482
17862
32688
17232
19542
30750
23928
6348
19740
25068
5346
8010
28730
17442
4530
31416
28688
24678
9716
3564
16410
18960
12768
7062
22602
5420
9380
5742
20104
20442
31470
29190
12246
27084
9696
2556
14200
17016
3680
22890
5440
16152
13212
26574
5080
32820
26028
20992
11704
25800
10194
21660
31434
10720
26288
20780
20132
22836
20436
5400
25280
24992
1230
28494
11410
31134
7458
21564
25896
14526
23240
31086
672
28084
16068
31086
31150
21376
1308
4374
20048
8340
17600
4086
20370
8008
27192
13758
24976
32540
20442
8740
22566
19060
17780
8328
13170
19098
17408
11052
12402
30316
1992
14808
10164
8052
6760
14770
28208
32310
17190
16112
22860
12570
2044
10002
29172
13900
20692
10504
6980
22520
1794
31296
30856
320
25836
5196
31696
18852
22784
25160
21822
24000
32010
23772
1920
16764
28956
11420
6882
13520
22590
24966
18780
30924
11802
12918
5412
27042
10374
24464
27188
26936
9256
32344
6594
5440
1890
15078
17190
25464
17862
30536
24462
18408
22280
26298
8166
18656
4780
29988
13184
30378
16914
20980
19124
25518
6940
11808
7380
2212
6248
1938
16878
13278
19124
6372
16818
26010
27378
25674
2904
29932
21708
28146
24522
27384
18624
24940
29262
26718
21056
2790
18944
13956
7464
23058
16768
9702
16488
6012
5562
14526
26768
31284
26082
25992
25446
23238
544
2680
24560
21160
11352
28338
19530
6984
20864
6612
21834
30852
4144
20688
13248
7332
28692
5684
20742
31842
10430
28768
28230
32502
280
12702
19278
20028
20760
11346
7098
15762
21120
14826
22344
21100
29376
27222
22968
6342
29262
5180
234
17118
6954
1988
21712
11886
8646
8766
31344
19320
4326
32436
11358
27832
14420
22548
20488
14130
19998
11112
24860
2994
30996
24668
25092
10998
24244
20100
6312
20790
17100
22120
25134
32700
5832
13992
4632
12708
32500
9846
19992
29412
24936
5034
14460
1300
30464
22926
5904
1980
2712
14730
12438
6954
18116
13128
10074
27996
27400
21760
32112
1446
6816
348
10464
15340
11628
17916
26460
15354
3798
4698
30260
3620
21618
22032
21822
11676
20780
25542
31458
30354
16008
270
21220
27804
21248
17328
26068
14628
3852
15324
26900
8624
19032
11964
7542
27870
28248
2814
28704
19410
9990
3132
29784
16446
11658
6560
9378
14958
24732
26724
10908
17710
5364
580
20514
28170
2208
12954
11022
28902
26752
1700
8274
9936
28302
2800
8364
20850
5148
18508
10254
16110
14460
17664
12260
31220
12738
24584
3384
20442
32816
234
28776
2676
10052
24990
8216
26430
26680
15664
24372
9546
744
6248
29802
29958
9560
29916
24612
29792
22110
18284
4974
29778
4956
29094
17106
8946
2718
12700
31640
2840
4680
23628
24558
6264
14172
17478
260
8412
17778
192
11732
14344
6306
28656
18880
14175
27312
8298
14980
21924
8652
9888
21702
2658
25696
8562
12020
12804
32682
20844
27768
21768
22880
9654
2010
21476
9700
20336
28164
2496
20856
9684
25038
18498
27918
27942
11128
7332
6042
19140
29904
24460
10074
19488
25746
29750
21144
9540
9486
30020
26088
24924
26382
7644
17430
25180
23496
3410
15942
16926
6280
16984
27260
19940
32480
21054
2470
9300
29904
3258
5892
2886
9738
21036
29628
20280
9522
14616
7638
18954
14805
16940
20072
8034
15435
18284
13842
18876
1524
15860
21480
9880
3558
5622
16460
32224
27474
29780
14196
32528
4032
17420
22260
24832
31960
19160
16952
30156
15462
26152
29910
26526
12640
2922
23196
2574
5800
12670
28580
16056
17712
22278
24504
11830
7446
27504
18246
27024
26172
176
27738
28650
21804
17576
13100
3384
22404
31260
24126
13624
27252
15672
32514
24500
280
20400
18160
5896
15594
13972
3976
27376
19260
1184
15264
3836
32000
16410
3440
11394
14970
8694
11860
17022
6424
11492
9416
13776
9760
27258
32780
7536
19964
22350
22956
8454
19158
4120
12156
26790
8898
15500
27072
25788
13326
24820
24918
21402
1236
29220
32760
23584
26980
22410
28590
30268
24018
20080
3000
3978
1200
25578
25776
2320
22000
27126
5170
22016
27160
16590
13224
18516
12620
11160
4254
9460
25940
22620
24310
26370
21912
25608
27404
21474
750
13764
336
32556
4656
21960
13804
15402
24460
27390
2562
906
8562
9656
9590
31926
13254
25632
23904
10088
6180
27486
21340
6848
2910
28152
14088
27692
9684
20754
31864
4240
2784
31200
20980
31560
1794
5280
29334
30162
14058
1640
31408
4404
27930
22896
6762
29180
31360
16758
32116
17034
19458
23574
28806
30008
29240
13602
2212
29028
28252
10464
23870
29574
31674
4326
2480
18004
22122
30018
2870
2910
2200
7200
1548
16576
28134
4640
21100
23464
15750
19362
