1 1
3 > 1
0 = 0

1 2
3 > 2
0 = 0

1 3
3 < 3
2 = max(0 , 2)

1 4
3 < 4
2 = max(0 , 2)

1 5
3 < 5
2 = max(0 , 2)

1 6
3 < 6
2 = max(0 , 2)

1 7
3 < 7
2 = max(0 , 2)

1 8
3 < 8
2 = max(0 , 2)

1 9
3 < 9
2 = max(0 , 2)

1 10
3 < 10
2 = max(0 , 2)

2 1
2 > 1
0 = 0

2 2
2 < 2
6 = max(0 , 6)

2 3
2 < 3
6 = max(2 , 6)

2 4
2 < 4
6 = max(2 , 6)

2 5
2 < 5
8 = max(2 , 8)

2 6
2 < 6
8 = max(2 , 8)

2 7
2 < 7
8 = max(2 , 8)

2 8
2 < 8
8 = max(2 , 8)

2 9
2 < 9
8 = max(2 , 8)

2 10
2 < 10
8 = max(2 , 8)

3 1
7 > 1
0 = 0

3 2
7 > 2
6 = 6

3 3
7 > 3
6 = 6

3 4
7 > 4
6 = 6

3 5
7 > 5
8 = 8

3 6
7 > 6
8 = 8

3 7
7 < 7
8 = max(8 , 4)

3 8
7 < 8
8 = max(8 , 4)

3 9
7 < 9
10 = max(8 , 10)

3 10
7 < 10
10 = max(8 , 10)

10
2 3 
9