1 4
2 5
3 6
i: 1 j: 1
a[i]: 1  b[i]: 4
f[i][j]: 4  f[i-1][j-a[i]]+b[i]: 4  f[i-1][j]: 0
i: 1 j: 2
a[i]: 1  b[i]: 4
f[i][j]: 4  f[i-1][j-a[i]]+b[i]: 4  f[i-1][j]: 0
i: 1 j: 3
a[i]: 1  b[i]: 4
f[i][j]: 4  f[i-1][j-a[i]]+b[i]: 4  f[i-1][j]: 0
i: 1 j: 4
a[i]: 1  b[i]: 4
f[i][j]: 4  f[i-1][j-a[i]]+b[i]: 4  f[i-1][j]: 0
i: 2 j: 1
a[i]: 2  b[i]: 5
f[i][j]: 4 f[i-1][j]: 4
i: 2 j: 2
a[i]: 2  b[i]: 5
f[i][j]: 5  f[i-1][j-a[i]]+b[i]: 5  f[i-1][j]: 4
i: 2 j: 3
a[i]: 2  b[i]: 5
f[i][j]: 9  f[i-1][j-a[i]]+b[i]: 9  f[i-1][j]: 4
i: 2 j: 4
a[i]: 2  b[i]: 5
f[i][j]: 9  f[i-1][j-a[i]]+b[i]: 9  f[i-1][j]: 4
i: 3 j: 1
a[i]: 3  b[i]: 6
f[i][j]: 4 f[i-1][j]: 4
i: 3 j: 2
a[i]: 3  b[i]: 6
f[i][j]: 5 f[i-1][j]: 5
i: 3 j: 3
a[i]: 3  b[i]: 6
f[i][j]: 9  f[i-1][j-a[i]]+b[i]: 6  f[i-1][j]: 9
i: 3 j: 4
a[i]: 3  b[i]: 6
f[i][j]: 10  f[i-1][j-a[i]]+b[i]: 10  f[i-1][j]: 9

4 4 4 4 
4 5 9 9 
4 5 9 10 
10