NqI
OwApc
dSu
aIWycEgfz
zFIY
elMef
KIkE
QHl
Smg
MyG
bEutzKZQ
qEyDe
V9hZd
xV4gcs
8wKV
M4QU
eE9QiHQi
NBCFT6dyy
Bmg7OFd
gMWCxYuf0oGKm
G2I
wH0
n6m
MC2pQZ
wLx2NYWlQRHIXcTdgE
QST5S
Si7tGd
IB5eju
Ep2V
Tl0gLJqZ
jl1
gifMP6N
aJHv2
7omR2k
PiS8LwxjEggIk6D
32KdYdUQx
ZHm9RKQr7
0nS0
8Gh7dxLCDt
S43d
GuG3aU2oPPvYMH
sk4afj4PUU
zvZ1b3aJk
c23Tq
03Ao
w3OJsnmPEM4As
T2ZpvnGBqZGdAwQ2m
zsu50
wD6Rqzgs2o
CL2SipRt2Y
4Zej2OU
hV70m
g7P3
mHA9HfOiJSH6dwJDydH
jbtWFuZ34k
SWYBGzWB4zdF0Xt
bUZjyW04vTnD
OQABws3O2n
S16hfe
e82MMuy
0u7h
BK9U5IDRgkjsA
l4YB6l0
ihNy6BkK55
z9HuLy1vCfiHq7
QXXRN95mGXbuyRpgoj5swLd
7s8ZR1
a8btJ5SN6qkbl
TrJYD281aZcN
325
q2J86jxmEsegyDJlB
k8Od5TW2
xF473jl
1w6HO1
GlHn68iJ1QQ
tS9N2DEGQ2Ao
b30CkYMicCBCUVOS0o
bH5sUvctrz35n
6ABw1W8Hz
65B3eqXhggXA
y9ccBD87
1Wcohn08H
D963Q
2kG9MARz2p
ITD47ZwJ0
C9HYGaYQf9k7
7Ld8nczAeUmALe8DQ
vkV9D64
No190
a9ZkjcRxAZY4y6RXau
QOGP0PD7Jzgke5C
tT50LBIOl0
wReJ4CGw96i
d0TqUK5HW1
Mq41gjCJJOHV5
fBA6W69
zZJc101A
9IWgRr0vnFihy0F
92tO2
Wdu3utjsuZ8Lb5H
V262N
NCW7Y6KqLJMU5MX1KY
rk5cLcrPKO50yU6
45zSnZroXwDtHpvy8fFCLNbUpw6g
olxaNbgX57r0Z7
4XaPc5ID47o
4w8JFoW9HFBObop7
2zEgpWUsjw3xD92b
n1rDp1vpQJH2Iu5Qd
CUi2JyAY0tHuJI32Bn
T1l7WOiP52
gop9a1wWpKoo9k8SS
Az60V7ox5M
whEZV2MX47c9FG
X0nBasnr7wH5Y2y
v2fH1TTrN07hhhatY
7zc5FjRglR0kKI8Ay
hH8F8YY6nKKi3
2xlB03RpIgO8JEMJw
3UFO31pD9
6Y62ygN5
M87hZPIx9C0tKqJRqe
2Q454Jf
022GMCsDC1
wAV8p8z34
cDN8YBYB8I9apw8hhC
z7SF8OsZ0E1yLDGs
rP0uEPp1r9IUnbiMwF4g
6cEowUq3Q51
V70I6OLCLHP9sJ
0zL0cBep8fIvj8p
3v0IC7q9
WpKx368IgJ2ccoE
s14Fruh0sRJi6YTgs7
IvK8cS82oNDXcm3TloOdsnAxjEa3
1jwVT8lF75Aa1
vwui1StN01lTa06Go
36eO0fcfP7tchall5uT
m2Y4pZ5vKMHA2CZl4T
5YxNdPM49e65
sL1BXahyFn8bWp9wRZ31EaY
c6O4D328Nmi
6LCUkc5qf6tu0I7N
SR99499
q22LtCi1ALwD29
KS8SsBodk6UxdFW53akIn1E
1YhnE3j3GKn1D3J
tgwQU255Wf9Dw1SPLX
63NgnCY908TtZw
dY5b7Vka8gdNTJ5C3
d1s8njVf4v56
0HxMicWhy39mj19LiSal
9Tj3bmdZJUM2pMca6ItKtZpjguYK3Uk
jf3MAb0VhBJQVWRAZ6ane0FGnvPofrXyUrOJsHl3
tT0uZ628oF8
G819RdDxVhzejTU1cH9Xdx
4d8ts775a
3pdZpP656lCY7p
EFuelOmE5Wmjb8sVg1gFLJsX6Da8L
Uk4xP9dJ81Ir3
769Vcc58Og
U2naayi8B9Z81Fpi
9JjF1Ce4ghlS30ewN
4GD4r5z55
3eb9SrTZlYYPA0W7Ui2
NLtSB86DYX3es06Tkt
Krk73Z4xug2owKQsMT1MnfyIpv
v3N62DG9q0Mf3jsLPze
I8TC8HBDayUY81Ry48VkwVP
2Bv3WfPi9l28oZKI4
BYhAbLuxoGQ5t2b9k3n4GTg8
WO3NV94UD7OTj9aqZemx7
c36AjO2Fxb8EV3bxtZ9AD
lZaKPs4CleCe62l90J5
lUH58p8K5H0HxhY4
ONzJXor5x7G69JC1NW3TYX
7WcH0v9SEPgsUFXtym4ksnv3b5p
312j1UG03Hh
m8V47zRSzy2kbUBGwJ5jEN6o
c610Ru9jN0KE5
5Foff5d08b79YskmBaM
7GQCQ1K7AEM8LmC5E5z
gCyPozcZo27F083m6V
w4p2PxmUshFIZc4GUPXv14XcsLmM4BvTirRVLeDocm
98SxVdPvHt7xCYdSv49Ho6
DJ3iTLQnW1A1s157dcSd
d1DH92pUD3qxi1o4
Obq1twAGt9HRP4nCuMpI2gXGEJnAT5Q9y
bHz8smHU9l359B5LS
vBL96892T7
E1Z13GJA1u86UEwRBe
P4EpDdIYXxd6X78kGoA8To8dAoKdAekuXxsK
ux986k9cjroZ84W
HB0yikT6oBGB72Fjjh63
2JK9Da2B484cO
gHCCG19f9Pno25E7
63H4lD2htuBU54XxHNPsvFAJLyU
MR93tZMn5F17lXu8xT
VuPxk2iyKFo9Xa0cPQf369V
GAywe4TK4IDSJEd4jU6v7D7sCGHE
HmcEP83ODcBK7O4TslP4T3dFB
4QV35Ae3CYL86kR
EcA7kLHITCjD7OMnaDY8A4pNQd1Fb0ycpOffDu
h5SpQ75dQYp48sKdUX5Yg7O
1A2kfB88i0be95
E3Nj6E2F27QWO37e
CctNMz3ZI5w88qP5S1b3
M81LP5JS57Hszi8n7Mi
Wk04S80Bo4Nn8bQ5
d9fAgS5ySuRy83lV8IiG35
poHo99K012Tm9y8feDH
u280as1sSi0pSM02V
74GFZWn44Dr3qXTnA5O6x
iknAoul383gbLB11JzRm4x4
n6pHnm7nFh12oGEBNu873
Bg3s9iOr1I2RtoJA82yf2
02eczv9rp61N01nwuJP
y9NSP8Pf4YMb4Ydl0XW15ci
CHr6JxQ3vbVtcPwRG2NGu39p2M1
C6zHM2k1HjNW2nymcc00r8
btZC6A7JFSo8D536E9
v39X3mYDU1mzQi8PU6wdLKbhc5aR
D4Nc1A8BZ8GJ6gk4S6Ga
xq7395aBnhYm0d5kGEl7
wW6hDBAyw81xcn7M9WyZk49EQZEPpUzA
q07x3TZtI2r83zw9
ZP8cWL4POo4q3H88hMwY6
wr77tUCKY1c61SpJPm11LvkiofICQr
uf21mIj28V64Sc7
hz832SbIge3cIzK4x65NzBtnRz
1Vm28Gftqn9WEVZLgvmZ0R6A9weiqyiVNfXQ
AglIh7Z26nk4l4dYa38ka
rx8M0Wsm90C2o7PGeo1
Bg41a63azrA9V94Qw
Ty8Qr735fautnVV040I
T8VmZCHPp8Jcmfb4e9od5artt3CdJUE5n
6O53v6X4rki03
5JFj9Mc7FVlmP18u8gnWYdf3KTUv
kn2lhr47EFVLmTJi6SeqPzHN3ozVwfoK84yk
kV272M23FW6FhK2
EpIL8tWUgxIke5d9D933YBbfxuUT0
ui8I9NUb2c5l6Six2yJ6y
i68OOy08sNpoOQWSS90S52
MXy22wRPqh5N4N15U6x4S
rz2ZAY64Rx4j1nFqoLEYH76nVus6L
CM5ei53COw9jwo9dD0O7DP8u
h10Erb2X06Sql3k31
jh8r6qgG63Iyc2Mid6bGab16a
8m2FjUaFp488HbSjja621hO
zH489nPo3BfW7U3f1YQ3
85v12rQtTvc3nmUf22BJWPb0Xj
pCkDC8GX4gTg2i18BkA85sY8Cr
Fli40VBeuIb00243hg4
8EdeG2ybC1ElUP1l96a17ESw
bW0wEqG4ie0K7Ve6Fwh8iCVnI49
2ip7C8H7VAQ3tG1Reg6Efpj2
kI9Rff1s94lh5YlKkW1Dm2SZC0Z
jCPhjOjsx2l2ad15Kj707sOgLm6
3L236J4Lu62IcGKL2NWRLrGTsHpO
D2ZpUbnGml11No8WedPvD25rG8WbcWC0
OIZlZAJwaZAOjupe9Y44r3cK4SHS48g4
Cex51jYKKkd8RTjf342kS2NUk8Z
G7R9QIKZ0gPpwr93AQ945msTkdoK
lm89uBgkvf4yJbvvb6OGwT2F8la8WiW7
QZW4mv5UNgci5R7SGEoZ1P4Qz79
dLDRs271JgJ6ExrmLkBR99yQLUJCl4WCTCkN9G5k
31c899FYtk0FI6Y76GEy
aBpVD816lk184xX52K4Hgh
uMh9xnfbpmfs4N6Iv82qVMZ5DxGN1s8u8Cb
8cQd5HXUKK50X4K8H706
x9b66KHT93XaFY6yEJ38h2MkzP
IBih6FPXeBJMQKo934O96rCc7nc3i1IUY
VZmK8S73vPMP3vhom8a499v2f
bVKX5Wzf34I8v0569oWUm7
l838maNyk7Z4h0WVt230
XQv414G4j8145Ew3
a25Fq2PPhdB6vL597enNRmc7u5
p9k2RuaBodVlZu6raHm43n41KeM54c
5XosQ4t273sSWHlMBB8u5JHcz3If5l
8Betzul8nfLZ2qmKk95Yp1M8odJ5YRe8
TNWB2C2f4pNKKL869jWjc708J
Rn86jYndWZ07v37IkajPXf6YH7rSdDb0
74WN7k00S96k3vOnyf1CWEGV
Pkh0bhqn38L76GCosr6h00vLJ2
8PjMi71ud1EfmLHUWNz7AC8Lc2p8zVmk7ogu
45kNOfIv2B5UVma85pImb7yUkAW3x9Ql
G7C2UaLk9WBF4H2d8290Y
DNF8Q39fQ5v7lEX6d037nj
t59rtCq8s176sUDA9qEw65
t69c4Nztv115FM4amBbvRw1nt1D
owmt2k781PZy49ylp2stRiSQCSR64Z
d8d7Qi189639AhW6Np
0FnA9YT0788604jpJNyPPX
aGgzb59t1Mv71wbc224d3
Pw6w2X5zf0SA3sda4r37L6p
0yovshP4cQlU9yktvZm9dkOlo0lt4J8C75AMpN
d6L6DSjJtXWP15kuSxelCm1L5QHNTgLe43o9
vXAN4r2DjN19uwKQHG2N0Yh099uH3
J808739spxlJ3Qbz980v
J5Zwk3F38asE7C9B38VPqPAC5hCVCOK6CwwvKYTvUfKgZaPoq
67CFa72WAsI1oqiU44113nQLc
948286D6d8TjPD42df
ZjZRiw33d55Zbn8Rli87EtpW1f4kQHmsoWmo0B
U449JOBmiAL77noJxTNV6f78MT8SkHHAgv1y
U83ik54Y0BiKglU4Uf4RzgGeK838C
hAlH4N1V4RqJcd8vbws0FI5A32Zg7H0
Kr36WEq9nNejU6IYn0s1nE9F3Pab34x
T15RT9E48Ni7J1j4M3FvWFACdh5N
C05a3MZ8ET17xfGeE55tfaUe42ZQyJT
HI5Di224fX4eFSEoCTCrE65xJS1Vb7RcATTJvUGe0jR
231fPEyu25UCq6Sg2NJ3rq3g2
Ix9ROUSuwofvEjW1egZVNcMIJBBnuWj7VW85zy4SLkgmS6YFFN57U7
Cv1tJKO0B4v6AH888Y6T8D0
MAVOiOXV2JzMw4fIx9oTL2mDXEwObeW546lMNhEksBrTBS963
c999kJi31Q2TwJARP0nxK57aw1Z
54XL4YJGzfKyEIjcQS6sq69flk1K093
92O20odcfZYk9Dq8Q1hg1ns12j
5lZ4OumlUMRGTb2iuSLoY2NtOcEpjUXrrUvcaiBDemjI55Ov3qS04LJz6
33FSowV07jQgf58fISM48nfH92Uh
rwmXwIG52jIms0eBmHnzs19YQoJ4nVoo1D68P6VZFQBBxF
T6KOl309QiKXIETf11C8e02gKQZA3a
H6UcOLO3f6ELcffufEOfFkfJaz7JqNs5T347oso0UOBrfZa5Bta
U95M0HH6HAteD31X1w6YQORqaeDf7r8o
5j984RtyE992Gaz81WB4Q
Kyv8T1vcMb2J7dNN1z0CO282zqDv6Lm
2MLw2Ao0CwK98FCS87ZDtCjko2i5oH1
I0C357RYI8bVJ6cTF43V7RjJP4G
EX633CJG3BE0H93d891rpN
WShWQl8s4JbWFP25Km3i8vB2xX2nt8LJEFzYjbNi4r
gJm6tLcUVAqjjovUZmbGTOnUi64IN7SBTyAQlX59OXrZMWmUtrgwy9k17oz6UfjlE
5fd649vM8fkcoE37AY9zwv3ptMxm8sq
xxxCw3ac9hikfLsNO31arx9I1RfBCp0e0DyP4WQ3jQ
RX829wAz0S2Df7t551r2
G9PbGZ2SV7N2Ee5cVexIvx07ag074Y
okK2d72z91toSQJKK6iB4iTNl1sEmT1RHBCao8Ec
fXc8IIupmsg0XRqvv91Fy6NdQpd48SxzA3D5hDSh7l
rej85466861wc5D4I
hw48vsxeQM02130YYs66f1mHHB
4Kgms6Tfl0LfmUS4BjhA3j56oV397AlJuPO
zv4w1OUUk5jsCD6Tq1cahtKzJ6Qs4w0M94
1XllJEGQD2ksCw5VoCPc8hQg632KS3lDHr89
64c6zG3zcyWqYow6Z0DsmGsWD5NdRvQ78YIWBsmBfTl2
GtDwN4iwRrN183059pIoW07i5exHqf2bQPqZ
q6rbz6Qojw1O47f79AlMY74N9K8ZaCF
Ftbee296T5SChaH09Y31ViA058M
11VKtYNefmehIcuxEP0z3W075qT4R3F9rbld1
004wtgFcRbwpnQbeScC2nLFGh3z7bWf0r8Hbau2av0cj5XAOvkVjdxIsuT
0nR71zO7l2A6dl5WS87XIODqP7jV3
246wUcq2x546XR1g2Xib9HebwXCBpSy0
L48c3Skt78E3B4Jtot09ui1ko5
xG8BLwMuqDJ5722l2nPLGP3Tmc6JQ10ZxpalpQkd6HS
8045vql12HR39vXPsKGLcPG5L4SR5k
7Fmxpbgu9Z775Iv9R7feY7J42z7n
keqWJViRNC0hPr024Qzb5ik140OtzZf5LZZqeA22h
jXvfr6MS3dz655WSqqhxCoi8u9FsRQV1905
e4s02leY6dCaYym5Rop5JyaCvnSh5F9481
0e3gT61P81yHyPrXUVi5FU0950
B2ra53oVr125tnNdqmtDWmD2a2n7mtivfqkVf9b6b
6hjpDJN2ZNJA68A9nl3J614HH8K1ag
IkZ2a0Xi58W2iD9i53L76iXo3KVvejaLvz
DE5qmkBvn90XOfz15ji76io444vTlhT6RX
87V42Yr6MuB2P85o9wP8v7Y
GL6x7E5IT8Zc31V2HuQTKS4XyL25F0gB
650C44UB0fS56qP5mN0finW6e
7249d4a9o46tUXO0429xsRhvX
ipLjFA4YM8Z6F62clih6Y08xmduG75MRQcmMP1T7imt
uR15SVeN5INmbU5x6BeciwS36Y4OcJ9fVUVzCQa89FFmcDh4
S5Ln5GiWHVrUX8f38fvAo6Uh9oEx8WU42ld8izhC8
0eEtjZgrbhh09t1c5h0LYr29ETd4009WUQ
L1F1L2H3Mo7Y4e1H2W28OohnQws68
Sp18387Yy4mV4omh5rT8Dn26u5G
s2l7G5Pw397z8RfcB00iC996
TZwy1le09S5o6ju2PMJK48Jsemn8dLfkakeW3W7A8
2Fo9hQRx4T4i0M2Qa6K1rdef6FFM825
Ok8Dk9u845OI1npJZ383nc7cHXUHIw9JtJ9
Ce827rh60QC3SyoUrH8uMOXxDcvZjy5w49ACY5b7
W4TFv9y30d189aYkD8D671m4hsQ
4YZ176exDXDQRPoNB9gQPgk6W371lG7c9sv4Brom
cx47V4Tvp7WsVImdqoySGi4BZaGPjTQAjB93H5ZO66Sf7yjN3
M8sZ19p26ehZ3gT6R50NmWkZWGfgI7vth1I4
d0u55l8a5j46y8eVGrNX4x4lRnM86
zCE2kjPM972oq2qgiSME39xgjuBgt8P6zQ0ef5q8
6HU8XV27Z1kcUJ7I1i73ZdC765HcwDN
N10iRI6IiZf567zjadJ9XfLFvyJ7Zvf489SjSaV7
WrhZSCIVPVGB5xTXx0z2i3YSO8AsS8OMcO56VRYd8Ip6xvb52
k4Hc2jaD0F9913W4owT86NQ42M
XMv1bDR6oylgH6nl9T6E6l3Ht7FuQoD2kEvG689zE
1RK3RqLu76sZiit5y43061ZWDXMfh6k0FXH
M2cWVhHUzTEFAN9bpJyG3Y25iP8Y3ayPI7XSp2iosSgkV2ot7kgsN4
70ioz9Mh49XJm83Sc5Kt4kmMcSVm70Ubt6tU
C6svbbsBz4PGF53oGfFZ5n03i30OP6eQHLwCHeh7DwvdQh3o
K8QeWH2ziLXopxOSb2AMyCHItXL1xUH206e8Q7B4geYYGv5w2E
48zuRcU8dZx11gO802463KtaV8EPD
43ZqJL27c8J5Zp3p1WApm69T2W1
8AS66j4oDbPU19I24tTd8o9JALeY60OH
UdLjtp2ws003zXf3D8RXqvUG0406W23l
OwxA31k4X3mcJYCY5ELj9QWcuhoKM29qplyz1a733eK
uf2lS37lmwNy91q1hLRS1ctNi5S2s9t5tGd4KMAJ
83lKwyzpQLRU33y422S6WxMfrO7n2i3P6zCj
B54i56Dy22849KJgq7g28
1yoOl04467WQsgu3wX5vgi2Sbnva7BnQ0h3ygQA
V410758mJ0hwL13t11h9
iRoN336KwzMGLIymUn0N0K5p3KDx7MOs9j0z2i3
dx2Sn3qZy3dV1404p7629VVp6RsAAQEzbh
weph4ELz1YZBNgn40aqu6s0N4OV7Ch22iA9z1gp
ZfUuBCS4U991f7wA7WWwS6ma4FW1UBdDYnWO595tFVed5H
K3vfn4d037lNMzVJSd7hybyjuzY5P6Rpdv3c12UKqcvX8dkoND5Y
z3FQ5G04xJrjnF8Wp9Hml22Oi6rHSEc086nbV0vq
k4o7B9AEDw8VdH3c2DL3gp7PsVLwG8S9pH8zPTSt5u4BU
9vj0O2k8i051tJEklBP03OTjU7plT60bMeVUtH5P
p66EcLZ3bP2Dj7JTP85Q9aj423Kj8hl1O
6d0XZJfA7B6XSF7uS22Zfk5HYyYe3OG13MVe61
20yJqhY7273t2Zz2ns1QDTyzE4tgB5EWc73Si
1lWDRD1w7Ae02uF10zPI1c43f32AgtDo6m
Uw12k44y02s1rlg029m64qqs3
90REM9Tb98gLN4Vl0IDB4KaM11d6A0g1hUz
0U32m4O3SMoL6uG60UMe2ZivQ3b2eqaYZSGCK0nh8m
GPwEE9BQenr9tWxRi0qRcUQDzqf13lIaJ7V5qHgoAa3891AgH5r6K
JrmqtilD1997It4Z4Qt825rfxCQ309k2gFDc
kcWLs5FUIT63yHVqOK9k1q6CDGGN5MzCNeEdeG3s6FwA41l4zZ8PSkwHpk
md4FLY485KN4LoHFUnbNO49xzoGvpvp345H9UADthNBamksDk36f
94b87m1T2MU4yS7W0tYPcRe7u9c0nVC2lwRQ
9JfKCG2ZpdY1YrIafy464SxwoMK7u05mO25Zbz10qri
w3Bw0V8fsgZLbEO89HveMb704PgKi99h4oJuZq28uv
Rsp8Uv9L1shFPy48vO99orizu5i76VVxLYiNklr4P5w9HabnXkuPhY
08G9ERzBDqT0Kzx4jYTM38otSu2KXrvWWAH1b2aWr8mpJA26hGdYFwtDD
01C3q9x44zZUew27b66fdxV1wsG4DxR0
804asfobDt1q5Vf5ST30n0gRdf7qCyalDW30D4YH
Tm206NU414S703aR8EgE62ivYS2Kp
68fh23St6arW7iBZR91LpgGdEC98pi7H7K7
f4x6HcJi77Nvv22ad5nEYKn9AOL3xPac4L4xD1e5YcYc
2nmoZz3L79XRhD0RxQEk2c5kKnP389hkBKUooPpvL2VJJwPlV23hn
Nro008l5Nx1P882K01Q3A46i
9zm2WLwaK3voyY3v0ugoaEVqbveB42wd7k1HH0Q4va5h9loq
mp3eDwWtA6Fz1o1IXsTHBFwBz36oLR9h75ZS20YqhMZCs1IYgR4Q
veHSo85299Y224TA38U10raukn19
6oGtCu6Yk9240Ake7Df6a946jyA5kX2fRC6Oc
Djxt3wj5Hwh6nm46vPbYo6105pYCv3U1L96cXwWtu8uD
g6jrI8l13VGmHaehW6rhsy42YFxbpr4afbuJb1yK9VMF9ryDU37CNB9
pZzeU28A3z32qW5Jl0MWZ3e662XT1imYT72VaBjdLd
LF01pl51VkxArY2vcg05V5Wam83zG9kjQ2V4KyLMRU1
xgdW26d2IUMZjS37To3qBVTs8pErcGZt2RI9K726GvieoYMf1IKR4
J07NYt7T8616J3L60nd06l7CXj9g
Mv9vEC6My9vvH1RwFszG5EUZJ1p7b4sc02784F3Nu
MYV94xCYexcTtJv9gBAY0E4gcS75y34pv9bmlVSM6J4Hp8vNOgRV1G
8Mrvo526yJf6JxRVW7mMpSOHX4942z8Sqyq120
NhY1EfCphgo0u7GTVIkuAqI43973yNgNa3S8z1927
92y4F517V9Gm70t4d6wmK20Wd9H
R7Jwx9R4j5cIu03C3bkjjGF28xC3qirwkJ8ocF408O
7EIhmqe9S4GnNlX7kRiNTPjWKGQIxx7qAyGOcdV3Gupzzi4844ypR7H534VYCYyqzeQkS
EV10E76TD8dHF3V729PJYkDPXYSuo6zuR2i46TvGh5Um
dCqZZ5mR1CGdf5LUN73EJ8miDGlc5v06SZnNs96x56U9
It79TS4PG1i2R1UAX7o8VH7W3SfKKp7zwVW3CK5IOs2gJiuIktb
aD74LmO1MXw7bufxRj45G6ze2m60chEXa1JO3lrV3I5XK
1uGqm8QxjrTpIij5VrxAz64nP9M1QB8U84Kh00s7iATFjjQV5ylAv
01sT91ohQZeiP2UPw5N6C2J22QuS63k74
y83G2V886OWQ8m09ky2MM9J14lC7YBR
Sf0o93bDlGu0QE9x49P4PF1uMjY62JWR80SLYjR8AFLOuy
r7zZeD3z5dZ5BacRg9MAZ74tcpv0U4fq8fB6oo05guTLEGCF0Y
bNOuq6F4c7DdFfe9jsmBG569tY1EJQp2e2yt0h46nKzmq0IdaaYl
26u1fkbXII50Qvs84084XlFCzTAhH2N9w3N1
2uc899JrPdQocb9pZs03CBo1X1F5rUn0vwsw8o96Svu
T08iF67ua9KE6IJk1qbZN4lX59Zl29z0y3
N4KfnlNM4X0p8Zq84P5k7u843l08eo3zUO
c2eQE51873BY9in3ko1IX0s5NkvX8VbI0wAf8
b7pz6hJ75xt7SIQ0BXYwI7h59BTEaanIs1x0EBTfKS9OEFZ1d0Yd
Nji4JPgi4raAdEWT129EkXE1F3GsCv7991UG9Mcy7C4H
9o7qX53mSewuiJpgJRz7bjJ13iXMt70mO9X214dd8f
ve8MedbovWoYVuB9GZry8P4v68tpd2Q9D6qahn3Sw2g318bAo
07qs3uv6XdfRB974LuVeaPb17lPSB7T1OdvtAPK7svAAet16Nro
Pkru2wjIDayNbB1s2CvI1SU6SnDHHaTs5pg55jfacA7k2IX06zd2r8Zh
TT0FPplbfX938dP4idT284eWo9oUDQeT6PSdaGnyASOecBtI3QFrE13PRaS7
729F704K65IRwf656m0llf38rgevTshHWyH
IOZXgPWI7t2gA653bFYA905Bi72ATvlV0bao3yBx4UgHJL1o9
21a2XHYyQ4AnsMWOa5o35Mr9583Fr4143jEEt
JrM09cS45t5IvX2wk9678TH4v9s3Iqz21vGm
1LVqLiiEwze77V1E4YP1h7EGriHlsQexiGAsE1O7sB4WK7P2N5C8ks4kL
VYGgMIL78HKkhWmmiY5CEURCz5Egxi5J0g3WV2UQlz827jW8H1G27X
6Bv3G0Jqh7eya2r5lnpO2k750IK8J5q22ig6a
7wy3DBMW413D8Vk65A6mR27LXKg1lkKZYgRdh16yoP0NpqJ
Dkih5khSjpnnI3Bwv5gZ8bYg9vU1Icau0PY4Y0gjJ9GpYF1qWRD4tMjVL0tqe7pE2pjiL
8m08JoZw28FUDm9oJ7a06d06aHDF9PIV1M4cwCI4xYj
X8mI5B0EkMs6Zf97JsiWgm1z0R2UxHIjUTfGJhP5R5ju0Phgj6p52xs
LltD9vlNW4ejI5i6OEy7f6fx14SpBJp94r196O22E
5WBKqGZ19u7Cg5VP75fFY1VDgVCm7jL447l7XV8a3
8A1FEUlUTMmwBX8HNluS418EI0u41Ae5Xh2270xjkBzlwG5
r7R6v4iz8Q22wfHf37ls8PUq49d3B2f2V8
6IMMDr21UAx5j79516KHj5iZR1qM3ru7r89m
OSV63GnSU9dJG63BQ6OMTuEZXMohTb44y784iaVrOd1oeo9S47I
q39O60W6K5UV0fpM4964hA0a2khB9b9Vo
6ztJWg68KYShlw0eUbZzeAW5r7sjn3379LlzCZ8fz7sTLBf03mk3
1WR922c8EVGUpS03S7j5VV82S0V3o15hjxakPW
yHR16LAjJo4PX2tc1vK032LY5poJYi5q3Xp035wjMRFuDhjq7
PBSj5rXXk4oM1fwv28fnX69X7056HK2WPJ8g1V8ooBWVC
8XX43rYQYlh6BJ6sU1X97X8Jm2PkS50f645g
LWLxN796NMPwICFl778dBKE72QEUC09Ok0w4AtuU1jFEBc5tfGZjh8cE5JxD
uRT6O1e6Jl3dQvBM7MT4irIreyjiO3n3HtE1HlkYhBfrtZmaYqac205oxUCapJAmhEeJ1Xpvr4mSteaGdLXFtx6fEH5kgtjVr
ngrxGhWlzmV07K393S343kSoUI45j6N2nC5bX9pw20
FgI2yXM4zlc7kI25bXAiMckGZUi77evjchWSahn4I5Q3xi2SgX89h598sCO
l2z4991S3ligFE2K1RA13x731V0MpKqpQhIzAviaZ3d0t
vV3j7K98I4j2W3yHP2VgjDSWAAU9a44ZJHp5rg3PkDuTv9yLTnFgt9A4
Slxm0Lo6aV7eJ53fA29713HW287Vi77O8
qIOSaZgNFDD2zxf9RNmT3jb5zcI0Utt618v1u7R4zH3JgUTN2OEA62GdySyHAwN8m
648lpIbYGgRr844TofW9XS48113f04G4Wbkrv0xw
aOwQzm9T0K0L2s1wRHY49bl88l2b91ma7WR2KF3BM6
cb21ixxNiyrv29800zJNoNGnu08OGkCiNMNFGyi9M916Wt3ALA2Y1tGNiC
tmaalJhkNoH6z58iO0PeyjP3wh9Y40O9DX74j038cNddA6XrN3
M7AZG459vqYRt50G8I1cF6ujRhDgvS487xRNA3cJlUKE8LM42Hcm
LKGLcjfZeQC3wAU9j2l9co8P4ASik2mKY4MP1BDv1ElN8AcmE11mRuJLP5DV3fPLS4
n70985vb5Yi54Pv6WHblZJqjqBkO116HP4decf2Z10
Ok5bK7ulVKkJqYC3QDxRa283zKow4Nand139QTmr1wfkvtKZA3V97FnzJ8E2I
yQMwLdHn2XKwoZ2977fmy6uMbp905ye2S75NWwfdq8kWBFB5Xuk2RH7
m0v4O37tCzoSy5cby1dS7j2KThEk3reEvXVL8wbz3YzM2TDblSOpmYLdZV5JC1Cj9uAr8
f99NVP71Sq7EVsR6QhLHeniVo89nCOC060zs0cHw5447sUuhSt
4V34mrnSnG93iWMetyVcmEl4SYBAgH0737PpVdnreBq5o674FIp0GZ8zo
LnQT958QdV89C8aCkwF8oiS9G1OJiko5qk8KxPV8dffe855wl5
QN5y9M2og0LIwun5B38AY57MG6NJ8Rr4flGDraD7j86OFt3QD
ZLqJIr6q8bZT85n169V8M0Z1eVdD5SqW24T5YsODQRatn0Bgd6
uLL56AjFVSWoiJ5c85I6zn4cd0wnnoDJ2dvKRaEA9nXFB96SG932stPQ5FhGfQwEP
eAj3I41DpH4O0pN5A8a53rTSX2By41wmL9T36oS9
12X8VhTA255Txg5mAzyHo7HA0lS4xq8PrJD77P74vD4
f8f1AqfV2oYx1oIPWJmqYFIwSPd1HGiBiU6UCwqLatvio41g74l2J0U78Zp8pP00
3pcjtWZrL5Z7Xb952zY4DeQNte68NHb4Q28lQG7pDoL7nm6Y04sJbrwG
3MZII7o2w9rH8xZFO70ATFI43Eh92XJjmniSc73ySC1U454LezZj
X9Vxfq31hG093WiL833KKO3GO512vB9GYb067mOp
5XOtx80FTB2ss996WF63Cig7rh93XLO1q07lsoDZxFChpMnbxVhF4tsn0SI
C7Y13Xa58Y1Q3XF58PLgWj55Bz7Q2Tr77XX6sPMH5kt
4tWARlm6fTZrq37yub88404I8I2mzKH79egjX17K9XqN0
zRP3h249uP1XccfU8qht1290WSrBp96gaF9Z22x9te0N
Yfpth9R821W63SSP92362yCe40JYtwRownb12Y80IovXUHeY
5mpewshjPfXdqqosG7wAAXFwYrNvIz9Cci8jYjX1AxxEf4NMgH7IZb72M8ypaVeRDrl27KWBYQVos5u2gR63lpiu7
nad01OR8IiXg07765fbfnK94478TT0D401K
h4MHPR35bDE0Y6mtva35vs3ls7oO34VYJ00WEG0EhpUqp5f0oIKk0YZ
I0lKH05sGn9lpT7acK14I0ngiyoyO8jwCD8NGtlRT5j5joA5b9S393
42KCR2TWEeYLS7n5D2xJ6jUgC0r90N90UA3idYF97GF7wT4CYha
90Zu7XB07sNA1Roj0GF3dMxtTY4x1OT08xb3d6C6mawr36
xf88q7KwceHaOU9Z82m16801M29p7TDy92uz6uxI
2iWPZcK7f5CDL466s0TF7085C0DZMf6Isf9Y2sb36sowrwfX
Z5q61YQ6IjbJCfYRO8v6nz3hK09B9I7Prru06VDd5A9c6mY0WQVK
UxtT80vgPUS39FK0k7pHgn7bV441Pw590Vt4q0O80x
xPi3B0p613k09kw14QR68iOAyYxmAQp59hJ7qzv138caybnvd
996eCoJa9r0pMBG29A1P0dHvae26NNR2tWZtEzd9XwuSs950Akcv5C
AZKh6ghT451W9RQ4378tS6IO7094G87sGey0TyO
9EcP8CKJDaZNy8B7Ari8kIX6zLIWinoop8Y9Q8WWE0WGsi61D37pjGs95qzau3
9vY0B083ptnA2OkIm3lV232Pn2uj0iy07g5sVlLn3v1npi
UHmiy8l98OkybOHvaE6iRhI1id9J09UF06aFk6ljjR9jKvE100lp0Aozy7
CbhQ2iavBe0J84t729tiSpLV0ZXQts2KSlbkim6DOOcr7HV6Im0wcyfnHP685cULgtYmH7
80YrGF5sYmn5rXF5MhAR9ZgH3uOad3XNP56uyEp6mI4y8pf6H3J93Pdo
l7SR0qt8I8CxP6oOcLIx9z2aXpEJ0S71CyN0ZxOMkT114n3A66S2U
m776HqqsZn7wjby1nSX8630ipELI035a6V6iJPB6IP1zpouku4Vajkcn2sOOIXjHqUA
mqo1sWk9e3Cyl9pdy0svFxwLm260dB3N0Se94HAt1ejVjUh2ZD094k7qF
5t8MG021X75nEswypL6Pjmck7w57ANF6r475dB1CKns0woC4
3Nfg4N6B0Aclr5to0RsplS347b95Apt3DC9Y8gYPZGKHzI9PSvaD1Y9xH7
IkD0fo505T7u7oMW40LkGNt9ngY4t6hzVid95RuSmImyWZtDfXIg5ZdQG9Y15pQmW3g
5Yp4V2LX6tV06fzt5E7ng5wZioo5IDW949T2GUds1eD630vP
eUhE6lby7Y4jyLhVCT0y926PBQj076dxll59exlgeY8u1lEpjwA7NSer0Fr30
Pj30HLdkO1j0z6UW5YqF2FrhSNAW2T9O04hMA2Ek9awQEW86td8VBI5R4EmknFQPi
B07PiTvjCM53R68YM9EnoLu13n10322IHy7t8R68xGqY
zw2n3ZmU1bq06F77VjNMpK8lmxt690b2MmlCB7CszS9Ikt0J808Zi
mvG8pt79u5Tewdg7U2m35483g3290dsM66ot5
45Cj9UacxT1r3Pa2BfYpjRo8PL44a7D56Vz61Df48S56
1DyNgv77sWCFQhfsvXQ0WJ8FWqRep9bPBI8a6dkAyqXm7jTyJ0r6cOO66d5ve4X7k5jryC1TpKvNAgOPTdaHuiRQcrkTiFIp
mH1PQXO35u1G99dmYthb87bSn63ame9osVgVQ6995qZwxMD94gx8qT
Z8zzPwTzZgg13Lv5q17CC33e9cb151KiHJO9k1GmFduf05ow66EDYLjJZ
sspm30s4Yhx57OWXb97Sz52VJ7TlnShJowiaTTG17XlX379gr8IRZ6syxz5
ZgD808f0F2tUlj745jPxtPg3Aqw14mrr9H0Mm62J7N19di
nzeAX1DeazdRoUz7iYEUofLJXLJAIqK3hX3yKL162YGtWV2I64s2Fm261hrAEv4giKrQBPWFi5bt3SqVeG8
80r7FXC2AWJWY1KN43qG3N11Z8B3qd3iVHGMsz3ZsJo81e7i7e
3X480Hg21lRk5QdomOO0ls7YjJ61E8919x7JxEq3RyD3
aA9UgEAnuJp90L98c0e8IF5RTFF97IQG8vwRpwizAgjge9aDvGp3kE3ZN8R61R0KkqvBN
og0p2a9eTPW5vO8xO0z8GOn5DWM627c28FJ9deFrNNbWg4UZ71pIhqv7FKPaz8se
5tHJQ7H1wjJt86AStfjFEC23anGu3a8wFF0r5yU92T7Wu5YXjv5Ke070
B4qF9Tp5lWKzDsFr97C3G6pwRGz2SXXKd185OAPkM2fx7fu461oxg8m4fnHZK4jMskFt
0k7w750b6ekAzk2DPgdFPPypAf5q3v1r32e3N9g8OOQRC04wJC10GgLO
GhuJ0l0rT8v07lh6PtjyWUAT11F9v2ACxVsN8QK4Br1X22G9djHLMqY6y9JlIn2
IT9H9a2ak6ZYzgWnOmKiMAwv9M7V23p9N6E3567DO1Q0Qe0tYrZAh26r
cDSsAs6Ew7e2M2i54u1TIBOSU8MtFb7H041v5MoiyA8ql4U8NvRFgJ2y9bPL8apY
30t68we5j0P1Orh12kD3x8S5R55js54J4I51e
Aj661UUB69X23NVoOV155aqvLjyN6G7v9rKCOkgZg2h5pZRP451QGIt8WAb
9KqiTtyr69z1DPUZm5ma6Jl1ZM9490f1Uwh4639RPPN98U2
mLKI6cpv1uwJFdGH52613Fr871ULffA1iI6fGY3KmO79aN10Z21
jPIg0E5vK1ecGvDg1G13qK79KJ1F2TB7qx46oY5fXY52S1T38
i62jpCdQCQUv0I9F6Wsc013cp9Qk6B1h39mvGbBzlmutQ30Hk51fCBsl40n
WayFPxv0Su7QsVHbbc7W1w49paCMfVRfoF1w5YcIqm3s2O5MaE63PttThFRh19x656hhVO4
24906vypr8HOuS0G4RCkr03Yz3Hda2wAdBBmve2vEGNTSq3Mdbai5hTY805L0
EjJA12c1tr1J5qdGTE40120Uz6463sMlVy0fi56R8JycZq1
c2Rfe43786MqEcRvAhZWGeCkODsFMM383VZzop1Taa20TAEqu8jmFPd7965I3k4
pIxhR8Y3008BiQ5Wy87Rm6T12MTwxue8z5oa0XPrEvM5mtYB8OZ6zxgRkITqe0S0
03eWpRqHu52tC7vhHLLZ1vCYNUaONk63qtqv0ZuvcM553rdA8SpMF6p340Rqq5v5QlT
m2GMk3QFsp0uh6I8yhI3cJ3x2JL5k1Rd0z1856XWGnd8lhskV21OLlxtQsqClE7
L15K1eK12A84IykNi7ENNW75Yy4C8zSWxcnL7v1h6D4D1DYSQ75s
KEqIthrr5z6wQevj4459rAXHVon2N35evhD09Zt9J0oHeZv1VKUO2891tbZ3nAOyk
QXT60Rgi1FQt7f7p07M4YKK5P38xr3vWi78705nPd91PH
2I403Qs777gx8TV7I9VTeC2pd69RfJ5610Qz7fFFdWhD9Ug
s0WkpXX5mBXFI3lFa0SNCL7fdBAuTX9H6L7MgfKecmZ14qiMg9K95YU3RDbGYW6C024jGByKO5Cmle
AcYJ7aJ53QPA7zzvF3H9t93NB9JP0jS86850hGjHkMvtlbhK088NG3
9FKogRlws651D00R6GGm06snQ0d36QL4fY7N5MXwNI02m2oyE6XS
C7OVc181RWFLk89G5FMB29g77ndW1RxUJLP7G3K0o9Cw700Bw
S0070aawt00Y1E2g05PzG58645PGbfgHv6X2XkE6RRfObO9
42mb4HyJi6DI9M6nvP6nz61xC2tAY5n9ZHiT8iKFSbw622Ms5m7nfGbQVfuB8hN
7LQ0vULmINSWpCq5CnMy79P9zv27PkX1TM9IR3Lu3Z39sZaNB82o112rGaFNddA
I3y4gSHuyEv44yoDoLcA8wwB2MMIZ23HObrHE1Uq5A48nM3GyTsJ4vTc9agvaVV0SiPjpL9iqw52k
edZhpX6j62X4rPup9LjkRk2NHplXJ5N31vEoU9Q3qjyVPXx4SPTbSclVxgH4Lk6I79a61rPitnQL3
s8RXD4ydjZmrOMpJ7b3KYQ6hwv5jxOoI5EZ066Y3wm53p3OS55n0RemCa3L6IOxfR
9h91A6ozQ64jOB7jNc9Kv0F8vZ2WIv1XO823W57Qa4AcAI5a
v01Q8J9HeB57LdWN7cdjinXMei2rE3rZU15L1Ah1F1NE23i7JD7oC7LyV
022Q4kz1d12xZULaT5cj5E53S2Z0q97w1EZ5CcPFwh64
421i22Lb4n4UIe8Kl420h3d0oa5U2C38o3nZBVaSD9
zw47U7f06zQymTOJnMPa4Erhm551xY5vb02EtJLYpZto3Jo4CnQYeERL47JWM9zkjtAM1Tkc1BFpuMIwYwD2Alf
AA4M67ElyVW913k7Eh35NmvYWRFwEPK02G1y9EKPh1PO6r7iJ36kGf2A2
4j9f80vd4o2ZlCLS4w68vJRy967MtD8hv5PCHWqhmi4lVKq6VL6TLn87fK5
s8W64D0i0puZzCpoEv227DO16N6eKKg87w4d6v30Zvg6V8p1
zURS7WfmFQwLK6Fk13j7W39p03B03i3z2i60nrFVABNA8g8XHZ3xQjgkz7Ra6nl
s6axrpxK6PU31M8vYk2qI87Y7qQ2753D4EVl2445Qfcplr6Saus0PiN
RDkyM6Im6QX9N0EQe05RAc2IubQGKDp3ig6x7jE1PFMObbH15sZfO4bg97TRxOwR51dhJawKD38g
nI8x0oCWznd791wn3C3SZX542xP7h40tYn8iWfDTH5fb3MbF0cG2AcGR1de1G
CQgU8gKe4AK8yLCXZTRoss5tk5rcWn7d3o0QvpY5iF0O03ixlq3u5UvVaaM1Y71LZioHbCBbiy0qMrz3WWJn3bYiCTDr
7z0g2ygUedEYNqNmBIa4Gs5Y6wMvRdMJB48IMHI3UD5A1c6D8V16Re083KY6DE1W
sscKkW9IRqf4wU6ex59Z2X921Pup0BV855V4BygP6SBeGcWoT6LJ0l47Un2
B6Ivfs6oP7U6719EnttVD8O8aF2t09EtU8s10I4y7M99EB5
GL5T21z83M0ZDnpa4Bdc380hSwh2zKhc61iN4fR3KS4e3p23kEk9VtgpQMddVce
PJPMM4F79OMDAm2jBamjmF875qaJ0sV1hs35U5F3k3TT5m8ZIJ9F3Vbo4Pha2SUfNpPiT
n7K1H2IG6V05K0B1r6OfIbaDbJHPYuWDH090Ya2SWq2m9459i6Mw7DI
2y7J4qFpMy8H5V6o8037888WsWy2iqCuDFL0LWWG66q41lTXMaVhcYMB9bj
zcalgQ4j4O4nD8U2z7MU75e896NQuYgGX7954vHu7ZqjxVl3LA89cDM4O
j6d4kYVY0pEMr1XAW45j0VU5ta14czR6irGS4dyq46L8EH3Po1XQu103
a58709D7pA8JF865Cw8zVANfLG5I67W3Fx6WdLTa19vUj8hYoKCNkl8
w403tBF9suIxRYFgtUG81v7asN6JlS17akJxjd0g465x8983R3GTGw3Tg
49fkHe1kh5W7m675wQ7j3ip2354q9k0h9N2n79
ba400Qx2Oe7K120z50kP81ZM0Y84hYG3T81HY81omtju
ffe8BQDp7u01MV3l6oD90Nqu0C6N899VBSvULxDfnavwmvPqH2077pGEGrBGBffmn6y92Td
695ZmA95634uyCIUgGEZY2quOCs51SdHtCnpG46H4Ye222ryMpjkmB042
tBWF52A9esaRPl069jJ0m456pLo506WfQs5J6u1FR3L7vyd9l7Jffc
7cmtTh2nzGM0PyD9A4VaWr8kmxliCl1EvratNk4qG1003922Acw0IXzo34t19yJh
6nVl4Onra5svObWfQm02w6vcs7KqoY5HN7v60z21umn7yPi54Rms07ECw9AIG4N
lyN8W0lF09bsUg3810DAkTaV7baDk47d8ImU07v61SUtSZXLg7wik1IBjrDfiFbrSDFd84D
n5eM0vTAw9oo5Rx6L0304IvK9j4sz06i1DHIe4hV0l41D4C1rK
s1G47syfUp9sTX3m02M84HO51lNpZ03g324hfC99j64x
1rb456m6TOH09VbmKYW8UslFo1eCoH18yMcsSmryzh3A2Pp6ghVxbN7SD1SN6sK0dHXZK3Lb0p
tjd2UrViYu2f69j3K8WYmI90StjP0Ay0taQKU3FM4PlQl3c85m2fr801CR5gvSna
8d6610AJlHH66zF1rqj5wYpVEqCNlrm9gEZgC9rRc26vn8800MU1W9KzIXAp8fzwRi
1C96A07OFT04459Ydz02vC3pQWXt0bhvtX211Ogb0lf9EqWGHDd6
3ZxSzN94F3IiWHUOCylhXx7V0O7mZNqjoa5at1DoKRw87u4lHruu9C4iOc0B43aoPC0D7VB6
pbrMb65N3NN9wBIM9FcEBEI4s7Qkw7D15ar5A21pPNSO6PY01McyrP65j3EJzq0
Eg24Kn3lf0jNUaLhC8N2KFnuByGG819M3H0978wv9aIu2E0FjP95Yq17vHZx
4QcGKpqQwP9RHP325Q6cO4FMXv0cuBOfWl8jvJDY9aDBdI3zI57SCk6AMWtjn0oJNh7Gaoyp2Ra0Q079
BL3wh630gt5k4KbGI0ifXHE54KT3qu4ahoyupP5yxuz5Smkbc49D80yNGpk0O222
6E38M049s2XlqGIT4zE9FDTm0vRmq4RTOO3g8yree0W7X7pORiX5O36Nd91
i20DRR41R04DA653G0hBhK2Ax8e0F4q6444s49IVy0
G6Fa5tqdP8nPoJwgDJM5Au1U7gNU2C8L2yVfG1c6EK392oTX2Y1yF84KkilgJZj25aNlY2VWo
44naum7I2JA20JfuxM7mcBOcYogIbhUwbv2dkqwTT9i4pXDctJXvaWe0KK9GTdOos7XeKzwnjcq3bgKY9Z8m78e7wsnACPHT3g8g
smcB29KQP3pXXhtgrI5OZx5r6CLaiRX4zNdkBA9TN7W7F0P67Ib325J545s9i0TTJ
ouZ48SDO323E8E329jduDHGGp5YsUOmW5I9260PK9BSna9920CMauAC3BJ
0xmi66xFLfGz3TI4dP0Ivjc470FLb27S0QnvTw60h37xeAYaX1g1TN5rn57
7LJLF1y88Qm3o98R3E488833FCCa90MKFmQkthn7VNJWuTgPqPWK6Cju08n3J
HyBqZDUO2Yl7UCoEo1BRY7l2c2Ilw0y27t7fEh0hQ819awCsecr0j456dzoMx805
S8wdlq3f7YWW33kttGg5HsWbW3ZQxE0r1VEGfc9tSfCNvb0ymo383ih8awzDNH37vo21m3RP1a
2F49yie12e8j62b5aeV1gn9fexcYyNb63Gy144VjqzggOG1WF8gEcmBbLEbyWlb9ca91ormA
VW5667IDf9by5W90XE7o2PC8R9ZtgHHKDDwNC5x4NQ6b227rCY4wfLF2m5
CvAnicz1droU8YdP2ZIES9Ze280y95QFIk9ru4L8N073YKb3SoE0J518M8PeePMRgSztb
6Di8nk81SKEo6v1il0Vd11dH1kjV9Fq32lH7738P8o2Wo7BcPMKl7N
aiQmp8T52wpvvZdtD6d41CpOq1oA7t19d9U5xywwnCN8f2M8pT51RcImEg9KtZE0Q89
2OB6lXEh935q51dS7G2GFdt4Xb4306m4GgA7d5RA0MS8Y57
L0J53RClbS6sZof79a5PpGA7q7943Ch2qAAuQlWGwN69F4y757p42T
72eNGHeBxBFPAT736yP2J21ARlWs2begHVMULq0K6HJ96mKVr8c1v45yrVpU5VE7QbFtycChQ4S9YDqjxrUi
ULkRF7CkFg25ZGPw3VPXl9Bh8SsH8OtuDkfzXF43lQbZ88h60wE61yPcM50q4Ll7l9oB4ycis
0i70gp05ivb9J0eU9T7mWwf0e40Y23X0tMteNe499FY9pl9h2XOR
k0M9xL5b4m3TAXAi6rXGy30YNoW1qM59ZkB765mCOcxQ3qhL5L5b6Svs1MzKENCkkwCz49
y1JpkFRg6UdZKmMPP84woW91uS4994WfHAf2hHisjW87Jb28e0e8p19leW6I6
bH9AylYQ7pnUzeopOeG15q0x2C7AcC4Sjc0qQS0lrFA7p8yh0X0Ax4EYDrIC3Gj9smZz9q888zJGFgQY
FO84HmpImLFlwzH0x144HE37cTWN9FHdJcL001VR0eWw581liO2oAgh13H0BS8rnf
Xf0uPQn3Hvj1M64ImEqJ5tvZP6S6VZ7V0zfb4KLTDk1MSS191dvwmKyb9NAl8MUA9JAoEz75w4
BydjfwXo71HR5w71gcG7lo4UJjezXeOvyfPhD9PN6uOz6Y8ifE64REombC66FrV438jP9DvDEqiH5Gkd1WmjKnH
2TeoWBiDkLEtbJWkt74Szx12v7Q96yVvE9uqy1VdQ2eUqoHdCHR2o4RfpO8mjLicvi7G8DlNNY8BudTPd8Zmz4caRC16bgGlA
FpgNz0608620v0JCZ6NJ39ry9g11YK20Am5WHtg8u7UA88
Khzu1i523qg0FLUj11iy630mJfPa02lbd43r27lWU01E7k7Fd0v
37aMuAIWq0G4G3p5Q4zwFbG5fWD00T956X00iZ87B0ZIuJA1oQ7Z0duiP
TbTb9g5g12M9NIB059j9NZwvEI7IKcVI9GsT7TOGUAKJbHijM4N1LuGNJecibDp9uWL1YVU8Hd4D0SHB3fa1DUXgn
aKNOBqA9xLxP6TriaPJG70939AAX3koaF11VL2btW4n418510lr55ISG4PvFhplM
a8mnZ64Z4QJr4zt08f7yo4iCz9T5ILUou8uAovKxTO1K65Z1jzshJz7WcWGc7E5Y94
sHn59Ig21cn1aK5bPn2w6EzAXnbijTJc06I3s5B0Xhz48YNi4HX1W1x65XMMn4YQN
Z589Sp7L7o8hFlT6Hf2KZ3QpH5G1ZkcR8kC7t6S6Kk9I0ii1s9p3SfHY70RqGK
Li6C09g5z1uQ4w7Jb6353F6535PzByvV905DUf4lCx82tWlNH8ZCOhz
R781MZHV9oX02O1xetpl8fZhvGRe5Chb17196VXaK141DV29OfGpVL5UF1vmVu7jx
UEGFj7AV4shz5N4BfjDpP4NT9y1RKSxc3911O3SBSQyoCCcQ82hzhHt3IP3l0n0RiGvWQ32qrMS4A8sqC
55t9od567tFp1N20IlpEgTUm3G5O97Dlv7609cv06464pE
yX2u6Un1htgMjPAoVoKhA796t2295UzhG9yRes6VW8Repb75n897hyn4i092
MEDhlAoAEUF5HB9dg6JhXTHC8D7lzy11n2nXQXEW0xNOXj96HQL22w0sSx343DZbyjss9mr3vz1ghVj5U0ly
utVQH2VvL5LU9MtL340cnp29H7m4L00shYRAjP272p87W8B3e9cysMUVPVAXYDV4A0Ih
03X88SrQY947fB6l9Fw91D4Uls0USY3i418yW516cu3huvgG7b
V91TZsz75TkXZS59cMLGDi3azKiNe5W16htVBPh4tH60I0o25pH9SXk2d3DWuD444akYnhvPdkb
n5my6jti5QAu3ZyjRtluo3S1l6tzfr58Dwx230bP3fO7sK31GS24az2SW0c4LeBhvZKCVt1
Eey20KQRvgCwCf0v862X03u67x0YOKIC1XKP89Y7ay4dn2ACWp1mqY9h15a6O
fgk9MjTfE5mD5BG35eTB0oZMwN9BpCw9a35gzU2rcHL8430p44jFA43pom5kK2OTeorj5
41KCDA4HL290uXeG6kAFZc4Rf2C5fVj0qKKtKx8VAFJ7fc8ouZv8TKqqpuE43wFQ5MpdSyaJ7hH1W3nq3C
Z3yLhNNTp0yI0xwH5uWEXJRkLHnZ59w5pk06OmK25E35Sw9MVf60tEGd1pllKcHI7nIsy5mQ0GDc7VT2
3AtDWCWk19wBzjvZgOYyc08FET8UqGHz32ID4uOiy8mlp4dpcLzU5026BnP8xJn4p005RX8QAY3
ncri2jIBk7g9QQk691001umY4ykGG8H108u8I3QBsLcOcZOd2C4hRB02nH88u
5CHLC2myk4FA3cRqIVD0gqV2uAx03GKT8LCz0Un62Zh85CjlBP81kbJkEZsViJzs348vnn4xSiKwbhZqF7H1V
BjMxXd9D1ewzi0PEq2gY92PWlj8RzQj1EcyN3Lc0lHz5Bf0WibDp7b6Tk7jnD5NyWmouGrN4VXqiMKjev1C1deTbzSQ8J8Il6g
99N33332xPI9M21df8U13wyH0603pVD6qUEpsJSC7Tl6Y8l9YTlAuj
g3lC5wNGVDqF93HO31OrI324aKk7aW93UPg0oOF0m027d2b1l4aVUX1mU4
sEUKdoiec1t5s8PK74CqdtAzng5SlunWpql2nvQtYsGPMV2o43vKUwP29pw8sg6m2aSl9FCyU15UHzvmvr8D2W7O1zImr
Zys9g71Tc4F25crG2D87tV5Jj4A9CmT0VsBap8LBTLwwK0kIpDOWho4n11m763P3m
u0yvfnKdiPSz66nkgL3Ikr5o302WV0Z2MmnL1v31UYHAo26RgZHFaJTymsR6F38H37kGshyEV2gz3oE
ev6aSuS214v7q1JEM6ENyCL713qs7l7621fCR78QSbgqg2Gm130Kl7
wMZU73el2B917AL8gO59Eg3k7khama41askaJsQkEXJ0Li8Ya2ziyMlJ5Iq5Azwj1g1QvF60n
7fVONp2VBQzWPbCGOgxKwhi8iWpE9XugmMr9J43k03lyrx61u3cDmmlw5210g951OnPp886drKFjqdp
Qjjdc4A2hgrU5inl0ahpM091MH06u2Hk6M9q980IJhlaE2566LmefbQ060P
w5c2c6C5KiH3FVvMR8kvL3FQlkCo527L3J28s623r6rO02LbZMoI7ABR1z7hIt
AVts7vZOtrB8vwC0VB8i2ZUFKTRR9HpJj9TN95f5M8NUSJuSS3M5VxQhU3RxWSeT3sdeqH7pGt6336se5Z5
Uj6F9gVROstEHZys5psFcP7yyFQUVvqYvkUkiH2XPEzF529P6d6O4VdNPfNB2Kli95amulzlM5r2J300zx0PhVAk8Yp4JTbR
LZN51PrV4p95P438pner0nZKNA710fZ5Yp5De8oYl8h29Wqi7WOZ3H21fX
Vy45bG5H9Gi5zr5jMOyR85kzRMRWP0y1hxfuqCEv9ED24NZ7xR4oyL82fh4x03LWDXVT08
lAUsR4O7u2ycZB8Y50y6VS4bLRVH7254Qz3bh5MjZdFbNJnd4vN399iUT6u421VzXug
1666nPBiIxAT07F2W805WYvUM91v1U46aD5vHsKxZCwu4Gb676tK3Jt7
0rTCu5L8SF6m0S9f16m6jKq0o7u488y9e35MZ40E317ynQCJCf4nbLvwoeY
02LUYlj2285B4B9WSJX8OUzcF8pKyiDPULr3r9n5mNqodJy5HOx689zbJ24El8239wiN
NrFA7ud9gATr30U4p73P5kv870NtH09qf8v99RmlShKqqPTQ3Jl0G42945x
vk5309mjygEUY2707u6cnTI0i9563i88tGgg6nS994hR1j8dEwQOB7
TjjVtyp8VI7YQ6I0mvqZolfYIsAMJ08vi0e830Vr8f6W1Os2D08EX9LyjzS2EPCTy4CBkLrUOXD73VUMW56R
L4yDjA983Dp5d78M0E6ptK6eIakRO5Kg8iQS0xY3jKN42U7f5k3BBm58zb12
ii1I9oG5lw9q415aJpq6x57RKLgeqMPU0msY3iDOms3QcKK60wx4YQ2MJp01zJkNVFT35yYxHq6N4
84rs707135Nzm1b5MV31ZlMGg6GFKCPyJscnk5ezL3r425IZuBinQwkmZJnrBs977Rv9wZ0
3okPYY7b7R2y5v5cN2yfxQ8YY0fu5Cpf2zFe7HyByS6QDG5477MOFRBx8xdPVE60CY7iERsFP18o
195K7QB94ngXK320BKuRz6hxeTWo177Jvi5g86U5jEn136kfR6UYNqm81jCFj
hxz23b7Y9x147mLw0Y7fFu80Cs9j7KX661vMy2HkA19fweh94Sj09G
ouqFy5uD7Sa8HzV3FmRgD4cig2k6B9Rh47qfmO8gQk22CL8txTeOM2Om4bvNA1Vc3MqqdOo68s848jZhsfxfUEONtv
sDXJIt7s63rp9v9D2d0mutjLu4e3HE0f1ZbI3MiPh5tmv7xp2ZPlVb4A1n3fcm30WNGjLFVYEDTle843
OOqTN9gUSW244057YUJz90c4RLa0183x53R6Bcys512P60p4buG
iwdgvYCOyZc3W2Lx3z4SEx9P432ywGXx6Sp4n60lV9bJU62ElRDGN9G6G47n9FNObsy2Azhn36
1CbBCBaTj7fhqXQr1jNv316240Uui3V2fyD64NjO1ykFedL0J0evm7Q2N4p4G3N8x0mpWwBY
25YKFHi5CyF5betqc550IW4dY6F84OABFi8A84hfTOYFnAQ2K4E9VOxxl4v7fTY5oPjRCbk1IL1kdZBK9Nz
ll9B4zyj0Jr91j1tBLmryT9lRzJoHZ5cdFz96x6qJn3RPJMb6Y0q2LGavKAhn4xuqQy5b36nCPOUzLwt3o84d4MjO
Q8AeCst82jqWGhQ8BIelDEZ1848mHXThT0y9D1iAP2p64T6L81bD4X64P52PnWb1RTzebb
JxV0WDBB2N3ixZ4o7G3hH2uV7JII0dsYO3na0vyJaGhxg2l9QCqevr09oH03WDv5tM648ljDlS4fLiYJp5wA
nbNezMFCPMBHg5Q4RXWwR9p4PbgFY94JXL9dwwwa2hi4fAD01bl8lcsri43WhX4ys47qN507cOr9o23n
6G8ORPbzx6sUa27iZ9LT8LL8LZZhI6pk08FDDmIPCJGS3Wjq88aBw0FRqK4gGSgsuRopZ2FBbJv21ZDWfe01oA2eRnIw4THKS
d5Eb01y4kDI5dCQDH936UnRM90vH76lJoeO58IgoQf6vw4c5yRc1nPbNU7x9Y9SaS7Omp3
36M5blUl7sxam0WmJQF5N445fbx1D9W5KHCi5Qp45EZq9ba7WPGwwcJKR37Mt7kVikkU1t9ruCoxLP7wn
C032896Baomnhc7RJ9DQXUtwKeiBd9P42V0hI75gK76z37W583t5dv3sy
5Xlp09Z21RaCkVwHrpt2kTYzsPBS614x7I66l9H1k4nNg5JCO7blxxMlD2NQBFB406b5jCDYSC2
77PQ9vGKc0r5uasqXkc8OSu6dJ7ACH9m1ZM9RS659CdCu1JKoPR39lVA9HB4ecf3CH8O4UO5iV
JsHJYNL20147Tei0DO9stFnL5W98613lFWoSfYxux00w2X6OF02HVN28YYat33nu
xrS934ldcOr9aYRmTDip19xfWh10B7WSOVonSJC1F77YqyA0m6TCrdMU41WxHn264BU7p9vOrTAknZflth1iqRj7lqnBfaj
46vYuZKzHMOnmK82v8gTH0nMsD1YqP8KWi6z344SNnZmxjWvhzdWgObco0uk223E3c9o520JoAi51N
l8a6AJ9bEmXB7LFj0ah2Nt9UY4D9e6ELoO3cJr9j41X3AeNMZLIWs7Qlk6M3OF135U5A0
mZwZzSkv4Ze4xE1bW5Z6t5n02iYfxLIJ70jxxbr7JanMlKP46IaE6J6auyTtw0z0bc3iHLEpPF7l2Ql5moz3BVpUZ5
C9lFdRl28g13Bu2R1h342JxPykzOq82O323pkD15XYF0XgK2JES2Eg4L62X6
c04IMYxQXyQ91Ikeqk8h5NO0ed1Odz3k19QCf116u8vz1YahEFXiikWkY5FjQk9tDofhGJmL8rOba0rqh6WdsZgbYqo5IM6P6N
7hs09zg339q1q48lW76w48SUUkW3U0EVE5SK17OB3cB2iv2QXM8kjL0XL9
yP3E9qv94mAlIs5opRrtp8tnfb1ON15aFHNJOq6lE3fqFdkplF4EYSMPwPD3s0TKY4SoC45023wT0PbU76A7olRsB
Gh372CUh0ETN1QW1jLLYHnKROL1A4XRiaXNh9f7NooUOW4qpdim5Ro2PQrf6m6gm6Kd2gp3rdQ3aieO7kQuuzzBNNCh991LR1Jp
f6RC67pb7iq47uOks7u32qf8zaP0CPOiVyExQ887vW0z024j6lg2Q6m8R54t
P53B6Erqc6Q6y2w2pBx3OQ4T6jrAbuibwQiknvz4Z3smRyW9RDE7yg5qZ4iCZbk47aZvUd0L29ov7ko9fy7N
MG7ej0eF8x8c8t3aqCfNe2iO9I4M6g40pn5gLo2W8k09jVYHq134gnLCVeec5Vvq65K4
iub2ovii3Zi6Los55Z1VL1J79JqHLOHHPO8PaB992gF5bDxK25KY2x82LY53c4joXpdh9zAh6ACGwJu
7Ule5y1UO6Dm37Zw88181HIhCkpLyGsku2uBq6s5z0f9NWlVFN0ijnzjU7ewz1069p29fnD
712157dmswRi9NZ7Z9fGzhT4pEdIzp58z8htxQQA92qhn4v1gvFT7q3WiP3ZUObVX7fQvowZ8V7bd4VI
vga3rtH5Mv5070C4lrUHb7qEA9wOYBvo09E20rykvY6Z3K4tCQIkQO4hl9KYI6SEMpL84YNMA693x
KsnaoQNd4YX1C41LA2NrD5CmAeLJ1IckV9E5NSZp7Kr240c0AP70M8a9V8OKP38cd4k80
r2D0H5GMswCVeNH26nBkO6qEE4qAF546E3K77Uw2c6jR6wjj5okz37sGC18px10BQ9nhGvjT
dgrtpME8A7Hw9Ww1h2hPBWvnC0e81ei82Kl7FSM134qz9KyA65005BTpl733iFzZPxgsGq7Ev
H8RFw538bLR41z2558LpT93D2nRDqoBNw5ZxI661j2WkyQ1v6I6pk2A2v4YN
41f9e34C10St69DEXxOBLQ985qAM3aHSup708Z1Ee0F9hPTTN3850JT8M
HvFnJ83Gws54odfLtkgJKN1e4E14WN2XnurdJ171Rh4cc3baEt2J3KmVMBQdyym3FOD0c191cVH7XXIbA03v
2bR7C3S18C8uG7Cl0T0Qq0gG7ZyB97OW3701zb8f2k1HWKl7dk5x31dJm
DSrn58uGaDvWzvBGT5LXh8x70Bgsiggm81m51we0EJk6f6N017IQ7LTCi1S325063o
z8668ej5ieKmMHVxF8Kp3RiB3XOv40NHrrJ47yK331g0HU71E1XZwitDNSi92YQ586fS
eYo1P2vsMcM3F195m77Xf87gIKjl75G9Bk60ey70f4136g1G09mp
772nc6xY4hNZaLOk3rJlFTP5HHe90Q2Zw8s14nItPGBJ9Zit3vax6p7uwF7A3RUxx32Y3vVjX5XO7
0akanLJkEqZe404Z30vnHg604208daPF1hlufy24Nb0031Qk8bXA0wA0q57c
3t51yUIi50Zvypq740CD82A469xTUi4R2G663N1wTK5r4r20Ak5RB
8g0177HJ5apeUU5wF7e3TG1YL3W6O5fEV0TS1SxS2nv10skAlvQe9o7U33Mw8t3yX
3yP7T55oA7g7del5LjyjofJHZ06K4sqiLUW0y6TlWcv4R2wwP7uGyIarITmpLu1dLPIiD4J7goak2u1kI32cO2oa3I
3JY7s8XEo5B6W4jTjZJ36EpFrZO5GazjXZNir7xY4MgFm017Z8Y5w47p7dO17uwOqpC6k50VvNF
ffLA2Ps16254M5muQRFf0m0543vA09vO5mvb0757Smb6HCv1DI9qG55vE0
0zy9X63AGz1W9570j46Bb1A8a3lG2sezC4Qj8raq920pT5NMYkBo49E8LH5
JkFZVyx87GxfGBU11I86j8N02LTL8wKdvrZT165Ec790Xw08yN9E2H5ZQqW9u2b9M4Glq
k0Kvfo4OCktqcnQ12BK426bvrvkRpObT7vNt7Bs7kw5QOdDOQWmQL6De4dK3YaFcwel1E7O4D23p3NsW1YQm5ePK667I
U25r3b783gbfGetj5IJcNomXuLJsncsRT80zOIc7j8ZCAe987iYTYEnJptzms8Fu77PtGqqI14pP4p4TTAJQB3sDK1q3O3f
W01MDP7hHj53vyC0h0WU0182H81XAd661BKSvOa0v8XTYtrp26y8hDvq82Td49QPb
Fw4CHMn8SXzN3CPTdx65KG4jDst9DhW18yRZVW4abCZ9U769Rl826pO6Da74E1kF6911D
08mCvqi6ujzP2V7c2Rpv7r54q474H5U7Gm7vPO4AO4EEEw8sQqV70Q3g9KruUKV3z84i
46E31T1X7y029UBl54TSz7vrZC9Ina1OlhnfVuxX6392qlDy2v574sHjwA0f60QD
7uXh1gp66NNwMh5wEYQYmqyFKGS7VMPz0J3v0lA6FMp7o88O9k30874uhj05qojh3nhnhGmYFzW99OHYQI9YF
41PMa6ob3pVWlLOBpM4174C7e8bu587b5Si2e1k5S2HYiVyIgm6r4ckC2TgUhEs6mPdGS4ey1NFr4P
ydkv58r6D6e0poGM4A0Gg3yvsA22Ja1mKEg54J9ZxLwJEEQJEncsolHsHpY5NCt4K3J5529uq8H789vCMVVtfkz
TT2vSU5OfV3DyQmkUZffAG90m2y4h0nUhCI9tllDfPYuqARK8nlMVDL5R8jW2T8ujjVeuFQeO6i7423A5ZMjFH8JS5y5e37r
KMy4s777ebq68w08eveRmC9PN25765jcF9JGB2f6EH1Fp8Shshtil1vB1Jm42dRa47F
AP509nfT42124J5Xko2dZ5YnP2H209v3GC0Ys46pC0Ah1lz3jpi8lCjA4hNm3lAMf
ufwKR3LLETLwPDxOgC4r63saMdt5Z0pu2IEEA364KshG46236O6Mpz4ot6wlk6J9d20qCzy50R3
bj4bQKlF36GY50158o3V5ZetVww9la106ZEKlji571yYn40q9Gt7c35C45
z7Sv45hze4iUr8A8M723XYU87ymFgP3v4khZBxpH6iQiG56j6A5dqs358TU4601u
e1kq3I0r7w7WRC92vWmMK1uKcF5Ue79coKb8sy098Bjc0n1i3wT1NUNI937112s
Qx93BsE8BC465IH7RZQAVLf6Dp7L1v6sUb5j9bVa7LMFriK9ZzdvM4D40K4U7n7DP4e1AkhPEi0eomSi1vfLn
rp2Qe4E315DLy672Im2r69f7c6KZiPZMQ5HyFM4cImuUMazD75bW4zj1rG8yNKyEmoe3mqdFq14wuWgGh5x3EeX
WLn485CjgM27W92njZoAev07WcKu5eah9w0w2esSj3GMn428Y91kq5clHSSO4c08JG5U1QX
oGM4vMFcGX5zz72y19l9t9z5K3mC6QHPVa73P150q15S1glpfM2uu81Ec6Uci0mw6NC
qUN958mBi6R3tqQ99H4EEe6gAHEJTOyRGI8300WMk1AE0R7m3l3cxj974YtnRWyun5cMWPvAKDt05q2fU
VvBz54O8e39PuNLtR42JBAP97e093h6C4u6c15A2Kft9TTsT69YYl3RYpGqI8VU8iSN7jm
O0axiy0i938e2X114jQLFqBscH6rqzPuvH5rHRT4Zq7o1XG0lNPD8xo26gtO177765sFhkLZ9q
y2vGz7W82fCQs9qMp561GS8kmH39It7Z4PqQ0C4LzT5ORhs981W3F8603z2
4sDeH7u02bKqR17HF0UVc9FGYgHJQ1c6V03cCWk6Fk8Oh8t15g3LmEyrmM2zOmp2tyhPQp20pQEG3Ttyf8bj3EIlV
48MLJOdH2W7gZTGG596B0ugBCveOqs990v38Hau68018h0go1TmB9sNSzq9J9GRwP5rIggrX6hKlkKHSH
M9ri5UA9K6UfIn02V7ObJ4rS21oC5yClu62y3iN85K0ujB1YF1Na577Akj3gtd1t9p
U8384gpKcr3MY0uKiFUWcxMrrt1n6T6n358e72TrxVE6nL5vZTm0aocTb4G4sTdLZ6ZW83k368ih8
716k67vYc4tGVPQYZY9X2MDQ8plRLDC8FSam68WFj4upd55A9C3Edovu53vM77Hlk10O4FtJ1xhWRGJ3F
cztSThfQu93158G89AH7U6DqRpYvAw2VnkaP1KVbPUlP2XQX85twIe3zdsMI53yJQBuEuepLn393B8L2UQ35y5IO4
9mG1bv6074hVyIIvm1Hj6R120v3MYKu31s5Lbt1QSTB0dWDcg76jruOgbErGMjBDGxa8v4X5CLAEPlS43jd0u5ZLJrm
90fKt5iq70IB0MVS0LrfAA4OC43NWOfQZk85i6cZEGzNWn58J1me14K77ILe0H0o4LFdNkt02sB4dV
pf45Wb43K518KC6z09ID3MMdrVQYXbxnDAZOoK4L99t6KW0rcH9f34JC32duror8SajxLWZX3dae4VbGA6N8
OKHrjMhE64k9XHzwqpoU4RtOn4274zQpwmDC6WuZttE5K2ttH440Pm7yaor9H83I18A5cEoZLE5w02e39
4E2y5EE52Hcjkt23ZY7gLe736j047q53B314NhuZ4fER62040jcOXVIsNFjVf1d
OHCqNLHFO58RVNf1uuEk206Q5eRz7JfBRTL21krkyVyOEyGr42shX9rl5Uuci7Ia9NJO93KKZ5EFC0W1P42MVg12b5Wk
6g8KOgo1gpr9Fy4bs61MIJd2McUJySuJdU8zD03t278d5oepqOgqNy0ittaCZ7b78tb5a6SXjY9h83D9SXun6
yC3evEw6buZ5t0UuSGMyCIT86TJBCwHe4vMM6Gz1wOqbNrP0qXxdLiH1PwAMr3ey76bw81zOV5mMtn34t3pZ3K3sW8626JGL
I6CZ8f041G8103YUeAfx5RDQ15ayYqbI500j0r4uYVj99378t6f4i1u1xBI
cCBWLm7277ZbaebQO7E90qecOB5KC93l9gbBqv6IwAIAcP5fPi581g1UV4l5O9LKqlnCRm4ftLQ5FbLINyW5ea2wirAUv2H6iRMcGW
mfysLDp76ntz9F4MIrioZz8V425OGHs016jV0LYvKUeB448k1n02261WL2Oe419Z0v
3ohl7772echjP7tfzE3l28SaB5x9rZWH81aK6LGS29TWOE02RCe74jrP6iGeZHOLR0KvzWQjD2zOM1YonemP57F
SdY3B5d2692pbUIXMmGdFSOPfGtCS1s4fIemmWO5QY92C65O6hRJmRnH4H0PiWosB4HM3C1rT9d070uMB3YMR39G
cHcHaqWTiY8we8RJV3x2o3lO43v1KsFE7EN4ySv233B6oT4935q6siNZYV3uv435eV9Pbh4Ws2p
k0504g32KJ16q53qj49Rd794nn31ijeDC333UFA7mz0v7m97fU8
qttq4QLs8jzcuC9lFp3pfgokENlYjg928eCFE0Kds3B1E5TKmtQQHE6hPIHk180144k5tRXiw3v07t4953G
xfH7i3ZOBCck0gbNT2LD5qSCsk609V9uoUz0oRimal3sA89LFu2rI2RSyGk4092xXo4K9V4PmMo00bHtUb30bKu
mH82v18yL8Lekz8F9ZktMdafa0CGAEjLL11GCib8UnD2W8thEa9D3ISb4K2EG2t3GE0zRp2f2pH3kei2c3tKjxEFbx8
UKKEP7B8LLqp59cttNhEt0YC13qj7wv83AmEAeYPcvw586Oxk6ojci8ZW5ifIQFaX65Qp9101Cws2puYbUuclzWus919J
4xfgx1YZNyB4jzG0097u37lZ3D2erYmamiVVX9FLG9rL71F1UYSrHp6UUy222Wdp8EU3tJ092pn6w
p3gzgEGz370H8Z617lsUVMl6OV4omLTUI1jug3ojHi4t5D99Vx7dxk9Ejuk4iDL3nGvWUoi292U151y
AY5vhFXd230Z669PjoJZ6Myqxx5mzDOSGmVy0p92Ny57U1fIZ33F49SAPMg53LTc00n9PiAQwINOTb8A4
mR9o9YQPtf87EuiQZkGU3DoKTTxYaUev6h752DlYq61w8Anv0Tkh6moSlQrAvdy5eXR7gS2UIs148y3Dcb3XoBsl81xPJB20r
0LWmC8FB4mQ2oo48DW65RY6r90uzxUfP715D6w96NTgO87ws5x8vk682ZL8w4
OHd96nOIRKt77321U31ah5s51WhSv1q2L2ueLtAm8dW8lxTic4Hn02ujZ6YaOv0KnjB0yLK3qpQ5d7cdu
0SZafiXD9HX0JU4VXYzFh5dsq2e0i80zE71s1KT48gknrihVlqGnVABX64wO6N0znTBegSlpxx7CRt0N4m76SMmOoy632
1gMKfsx9KX3DrxSM0a4kaQ9P98Az8R8Fc9c8c4188vxvy39j23RgA3HD0fjL9W9IydabV8UpW7KR7NmT
Eaem1Io41f1acp99uMW7v0Tgq0YwVEA7zg6FJ8L1T9nGo626MD2eJI328Hx30SdcITBY66pMcuOrlRb3Nh0K
h2ngQ3Rw1a3Q9f3uq3CRmFw504125YNPsmv7qRGzXwyP41PY8F1S4utyOA7vcNf5EqEI2nE6O5ViU6KWSbLz2tS4VSg
vDFR66044KdgCa27SVXI7SzW9915b3zJ5337GI95SovJ4KPS35zs18LPJsth0W45W
KeHeL6M435OfIx4Tx42BU9hMAP38cBpB82J7xV8awZSek9rPacIbI7vxC33tlmHwu5AOA08RVu13715LT3
dtB5u0c1YM958b588MFfAx8MdSv32P7720P7j50S2921g50UOyd6ClvqK4dhy
325SL8YNx8NlJWch02zleW329il8nO48UK9hAcVWH0Xr805h94O48zz79w4O0A5OI
Am3tXo6bXqD9S7mj5tQBMT00G6Oq077MystzU0bhURe439gN4aRmiFl6Jn6tMq8pUdI4a8Kz47V2945NMz
fPH3Bo85N8euSxuF7vIEEJoTB7N5Hlz0Hhym9hTzv8FnF6ccL40XN0z315k0hcxxphPJFic1h117Y74OM67N6g
7F8i6I25E1n5r4R9423N63JqRYm5HX6003y36q4z0R0Ins9pobUdIdFSRINv84h
L1MQ9544ncBzSN4Xz5I6uT2CYCEGH2Xb90CXMlld7C3ntesJ5onKdEc9VqtJv22K9MA0F7GIVR1CpeVvwb1577E9VIB
ZfA95393146da2xYjuEvaNFWp66Dt3j7G0o0eAwp6x1ZVK18Gv0332X1BoQK0eD6rlRQ2ELx
fAdlHlk5czdsqJX66u6xLq5LTR8EdThPv3UjgKd8DXQq59Ne254O5sd556yHgGH123mu95Inqw6XrWv6T41NcriV4
Q77e9478aBb7Dk987dh57ArMA152lX1F6mMu8Lu6QM1AJ7YE781OdmzBNdlY2bvoO48OUYR
54GLFSjKwGncOrTMqRZIxoqeZinZ5965Hb051ynY1c8z02IF4OArPIJtRC3p45RYxvR3hOQdXQMlN0oomqJr4C9AZ81co1sV3u6C3j
L3e0a680OuYCN1dgL5hmF97rx8gGgR4g6CX84VCF2qxS0rQ23V00QDK0fX74pZkfVde2A5IT4SG7If
M0VQ1c0XqI8R0c1ZPeCZ6cR32vTbpj94JmcOo21FY4q4EaZ5G3SEAS5lZkNOrI3B6SPol6k89XvIE1m5Vp9vg1tiimIgrN
Ss08XCG2b7yaIXpYm3Q7515oRJg7x4ASB3sJ6qH383e4d5ASAIB4OeUIHZ144h3B5pTu863
qFt0hx10kRzK8u8dlhLPbSD9xRf227u6TFBjrwERN75tAN4YVYVz34407H0y6LUgM2YSq3gtvy7d1rCuJ4r6N1o
yBd9IRfMTjxbx51gk3Uo7R5s55Xra5lD63ztAjIemd3K8JYtLnhq3wM6FFA22OgF92pOR6RL43EP4Tf4tD85dI2Ijuwecl
06P9NqHKT4bU270AX0Lz764577g2GZpoJ59hyXjI275Qot6738Y31gkDZUZCCOk6oGeU
f51MNglFlr382GEezaUa93RSyGcUWp4pKlUg3Ho9ZAR9v7Bk9CgQ52mIq8v1jOnO70MOuu3h52BqpWd1ewPxn0Z3dOeGCq2N6o
HB2TY7M713rvwCiVhS75jT5DTEJM8ljxZZFE62PWCqjlN00KAv350cGJJQYB6XV954lRUhA6el45XOOr31o1mmG6
KzmDIpBTcG84f7D65DLO0C42vz9i0KSpLC00xp8i1U89II20XOONzOkGyHRb1cR03iMKF4ppayAw7v9DC63YNGaCo6FayMjO
5MFBQxuN49xIzuCnSmoMj332sbBL23a9vw9cksH877Md2U625mdKBvwmvRb44xfF4n9GZQHp6Wogd7NZwB5nd256DNOYaC
85Yl7u0Qp137p8YF8wZULp4Dg6h4Q92l7KR7r3S5aN8bEV5oPDT5IZXkk136F54v6KazmynIjDIHwZR3lyCb
fIf59JTn9maIz6J9MqT3R0r382bRNVt8HWnD9OYWDa6qr5J3OK2jCwwX9sGmgty5w9TvR73ZDMPy2m2T0rWlwuSj551g0iA
066b5n3MG1O9ZBmrhIeciZUre1Ehx1962Tra48v375fWP01uWzo58KVOVm212241b2
8PDoN3v2111C206k3LQ5bA1162L1Wbu21Hec43F232732R1h6m
yQ97TlgF72WR02JSWmPW98Qb928k7276L4b2T0t41cbCKb1K9ge056pTRG9yPSME76WDGGW
fcs8tlELIfVIjJNZ8dIL33PD4oU0HT1KU5S1g1w75xTtnVO691TLEPrJkqjw7m2QQI0076808Y3K434
24A694OdN23zIDty22VN0c219pbjxCN1ZAbIYF8Dv5RrIO8N2arwy406T1Pu27A43a36rL
oG870h4dt63G32F99gutQqjT0h2RIR795reC497jf2cNlGuw87z3M8VW7P8f5E8mSRNG3
V23BHVv78w9bGXT8yK2pmFSBPL9vt08J5CPb9U9L7JH039TrVZekjPP88yES61aDZ60Lj4cj33bOow32UDvwfup
d5d0zcXPH3j4eD6A8sYiPQuy7IO39lYY7DF8ep6gPuV486TWNib9VY5p87A0k1Xvsdd9p7b4I4BesH2y9q3KPVHH
6nb55PsEq249d7e8kdNR0oG9fHF24b00eY65e25n1s0mIId5Nb9zAVcY7w2S624ZV3
Q6GD9F2EiMW1E00q1T4vq4WeM0R8AhCcqvhgL7DILiTWVX4JitK1r022W3W44Wnd586RrKamHkCS4ecR9hp0e3Uow5
i6vGOmZyHH3W1E86r23BCc87smaeh93E0rQaHvpSV7twHJ59BDaJ1h358do07N1wVzQIm5z5lHE5T31L6v
bcgW0Z9K8Jo8Ow26vut92pGaRkpjsRgbT41fmD6Tv7W13Qe2XQ4CC805SFQU0eqCI8iPM48u87VfidQTpehaL15c9x
yv5r8wO9dqppSl4u1VY2K0gpMI6eh8g2YM1e7598k1ysHu9ds8h3veDj4W503EeWKij84r6x39t
Ohj50u4KYw18PA2fc9SECW28j1Cne4u6586N9tYLrWbBeo3v0Tas53NTe6JazVC8D8erUIASad7f95PeZaIlEFm56
kdEXM43u67HEbCJB1A1j80o682I9Px5j30Vtb0sa0HwpvM1S2sFgA1wZ36vv34JWT4786iMevwqA
u6zjfD9t1G756bjE06O0Xql7ay6X39VpI0y694NaiuVH287L3ERP53awnyM74QI8v4i7Vu
5wU8FugK5K48e00Mmg04Mi0Jpsc83xc2T00M9htix1o4G0NVxV72GLe3UH0fK1zPnndU9PP4p5C0k
aMg1GyZn139KBrY79L69Ibu8R48Pxt07tV9gzfHTOhzU1Pr3hWA6SPgb1CuPI90p5wmiYwz9G9R284ffIa24E
hn0aRubT9DXD7OKDvwkR7353eh59V64xitNJHksyKh7z1Mi1H11JRzTv9w4oI5c91nqT34E69s00JHof6
LNF6l4zj2Zp0295v7e8p1R72cVQj33wPzFu9nF8JGPI40wy1ASo59qMvfLcnMRu657RO1Z9vTyR4Ao3
868xoGux4CnxmgVU4K04V97N966pZ655Z0XWHUdD88TkOmK6334sgEf3Z48152
LbHf7fEaOx85Ap87OU9S79N36EcWm51TuLnzV30Zlay6dcH86tqZWm8dmDBm54Kd8ErXmtnwBrpnSM53412ArX2v5e
44Gz80W0W6V5lf50wzdxxXN7Yi62ogxXWF3O6EV3h3pBB5T8QFLFmux8UuM7SifrT12e4F3f2C7W72wXozHLjy
OAAP9ZZS9j12ID964NRMLb3865D44401qGT3JZ3AaV97L83MtuZ57MNUf7qEDgE046F
DmP50OCt9pQ2HFc1PlSTi3D1oqhHcL5uQUjiOctrDqzkQOba92wz2711Ts62U3nbma1S5EKr43HnH4R86h7Z3Rq03bb
RVrby6hCAZg0r7PIM32UDs7B2H33zLjipQ4F7NOI7bNNU14yDje7Fe5LzQF9wo12rPP811rVYTO15tANVlYF37P35J
DS1e7wFPF19UYds2L86A4ne4DfOjQN6nh4bI4iGzldM32U2PlrDue2xFmUJQ4r7Zuz9N2OKU7Bzu6ij96n8i7sw52qmU
qCcB16bR10zwl2r5V92B1P0dnT5bL14z90KgbB56J94o1fbp0al9hHOyxAe02vu8780e
zR9tf50AOD1125iU2ztG39z1HtfFi2pY68R9vk9u0s9PcycwRDSHn4CH53G7sLZ0PIRfRJgh8U7621s
NIbVx3xBtErS29O5If4c25re1p7O0a0Gl83I8h7Hb3l9VMOwJaSA4YaP2V73ssRNvSn8Expix7QHou56AQ4T17b
2u399F0LHYblx5E3dFRTLH3KVPZ7XsNV113W15aHSJ9e8JoCUf9q2GxY3Vy8wNgaNw808IACUjEN6l5bA84NvF4rpYdsnyFNY3u
4bk2M55u4A70s6D56aHywSOGBQ6wi7KqCHJ9WaL6FN1zJvL52itd3R3VSME2Vt4Kugnbjhdo385Yo29QsB8XJdpXrlk28
31jLr8lcmcgD926jC00bG0o3853EQ7DjKRydE91d7bCL19RRoEJd778heYI137SXAds9gmsr3sEiN9rT2B
aZmEINji90Pe8yrW2dMyklTW3QJhywQf80AIlFi41Bi10YJBP7O7rq7an517TiPx859eG575B5hf7QIteaST3l57Vbme1
4ix6652ruQ379B89144r2gDe4V2myAZ1Ovh8917L7JZG5RYRaspr578kk07KE9r
gP7N31LCaX1XI92v5E4YZRMDLKefUiRNBSFMBi8V7m88V19c89lSo2SUKeoi92R7Zd07c4z8Nxf8S3fuFC472n
i1yO26l4OdO0BYZ48CdL37hh26kHnI3ezP2Z2lB5ZjD25dQH3sLx905Ho64t8UveebX41DMH52Q0O
LEc0wGYREP29VO4oj1334f1jBGwhnj6V9OBdG02G6k9EvT6vnDhcee5mmX5CzPhg8zDuHfi8DP2eVQI3Wu49V87Kn4YD1oj6eR
0R71Gyjn9TEwJwEvgR0s265r3nKd2K4bIgvRacaOFsSs30yEzDHh4J7BD27nH81Iw6jW73JSJr7ea7WyWA7yV531ONZQRO1B
KZ2din0V9vgxb8zAGb4bh56hZmXMSFt5hXJTpcKlSYWE724qmW211xp26U7fj2a1n3p572R2nYE999Q8GD5LrEZqvI
227o7s2cj4oER28Rm8et5Y7A7YvRd3Pz4OOkjsA98ow1M1jbb9Ax3FLRe06GO9js7qOF8pg2q04ahm3g
IuT2L8TjbppBl7NMtIOqfp6umYBo68z2Vc94rFQIAFhtd0rp07iKFR19eo71a0zhL5NY595X7NewaD60vMnpfv3039fzp8
J155Mi8Kkfbt5X7mf62WcatZH4E2Ac3m2V3Ce1n5X4jwLc4jH6d4eVWZiG5TF9H71fBe3EKi0zYmb57Be0IfltsGnzmOk9Zs
aX6tv1T0c1kwxGf9Lsvt6bhHNMfw03B6zP1R2zYwaw7vhn018FWd3753q0Z28c19IDo65XX736E
b50TumkdDIeQE18N0OZM9KY9K7RwAKx4PVS5H290G4MESOu3B5f46A69SN8jeYn7GOzq60qv4oJMPX9K7vMVyxPO9mxf3FLZm
28G5Msvjw46ht2LtvzPWO7ifsmTp9O2bhy6Wj78U8JFO4Nog6qX0xM2ZR6gg7sHklV33M2eEkjg1Q6XBo9kM7J6q62taL
L6i66He8cWQtlL2YOI002710Tdg8080k00Ng85lBE1B93AmKzJlqj69AWWZcej7QC420e5Vb
E95b1X9gFzk8bUrXyfRPS81vpI6G81QgRRn7C91mOgLhX10dm7cW2lNeg58upS0HWX149X7HxHGD6Fw57Lf76JulGt
T18eX584lC1UUM7dI47OqO8Q60l15568AWHgFkv9a2ulS75X0OsNpSg7eret36S2IkHj7SC16IGF
5gCQ6143qQ646105zJQq0l2wJ4jwMDH85RmCjAP7WPPLkn2kjt1PuJ33pUL3S8HYeg5t90khn071
lclnl000jk1yc0s968w6UnuhU922qg0DG2OV8Q82P5RxU6p1ATFg4EFOZoPm2iEunvCHgc183tMra706Zd8f
7g8MSt1hr0sn02D3JWFprFAxCbUhLq88wn543y46Vp1sY95xlEacc82rH96D3SG23ig44MWT832QxVzv
1F74rw2b8YL6ql7v3FZMyGN05b4l4U00k4U84EK325sF29hXUDyu6Gc04OJQxra1J1Yn0D3gb6P
9DJO24g9Hk8gdGPDD22MX8dBJ316g4qQfEVoR3Vk83ad9DquXq7IX3sv937FQJvYqT1kCgE0t5KzC4B9Iw2ed6nBRE90
6Eec28s77Q6Wks6pJmydaKhG1gTobCQ3Cmz6vxxMj6HZ5D43c30woL5Hvu62I4es25hf883fjZw1RTTDQDLTJSCBPebq1B87Tp6
c2F8cykBO07ZN1Zg6WGieVkJCnr4CwMQc7HM0JFD7t7K526z58tK8Uqp38mS43V4dYpER57Cy3bOaF83k0VDdwo50g
6X37L6XI8f9S4TbbJs15Udan9wgmI96M638Nni26L85T9t035jC242va5M4JJgq8n7IK
GP64OBP1NXGP6W7D0Z2821IVxLcWldIjPdL3BsQQVBD85zDcc1t9NcZ7fP76l632dKHuyL5324173Uw7DWyVEtJEz8d
rr5DP1UHj72q91QU5636Dn3cMX23vrlgrrU3XKD2I2HyucsIUzAlUBi19Kh16IHy29arQ690nBV6ot34rZqxb7GB0U
357Btl069u7q9B5YL70J0t9uKpF2BWSc3M44CdTrC6tC4QxmLVGvLe76KnvE1GkfL331aUkowHq21F7J4y2P
XN509Mj754LRVltH5y2dbE7RPQqPmv11dh1rPPL5r3m0J0c65D29zqHUA3wUL3As3H62fm6F2994m
T0ejtojDWCxE78us793Z2t43CP73oZwGF4JZ6DI95nd0O7A6E7y692uE2fc13UI8jPvQETtSZdwnZ9m6W9QTS1sbPrmjkk
V94DBIMor7mXeP56S7YRO9848192EdTpO7Bn48WL3Sk1K84MJyRH4Ezx3ERwx53Sr365H86B2Wkl
oyGWd1riq0t75IHX1CvS4Fj9DKs0U9QIwb4uj270771XgfHTV4qx71NEgzCCG4y6X22jj2W0pIgZeoC245WvNHb92UPsmJgVR
1KR2ub1EE1G56xJ99jhB5D89M42l5soin067xM68bR7hpNLWpc3PtVUq6QGd1eyZd0KDXYD958LN5wqZA51pMHzWiOg
01pEW1gBGS3GXc3Y4Q5wFGRspEoMv6U7VMB0BM0okDuZ43YU4W38DRC31nzghkZ1k021Ld6P8uY050U3Z7cZZa1
Jn84l7ADpZzqxBxgp073GYzt57St1R009ZyGzY8Eq5cHrgsIj7g3WvKBg3hin7ln9U3pHQ4301ZYTde0pYvtfh6zSz1nTVe817ha
O5XC18EleiIH7n12pCi86sXID7388Thhn4O5N49GLiSwK359DHZY59Xzp2JSQJWod218OuA7pq1Ie3nE9E1
16T6sJ6CirG94L4ANgdornvLY5F9b499hu07c3uKBufaMGc2n69bb83Gac1s6bcn9duwK7Pys4ECY4vFRe89AC5i90
D3mm7vfrpo4r94c30kndc2t9r4KNXcElW4757BI9REXBV4fvpgUK2KjN56fuWxc4tKC4YS0p9v51ho81a22zxM14i
h8D17gcWj25dB6ZGxq18OLr3d8eDfjopbZtI56kiFsiL5VNW5JW38KYessdT0N742D3E1YqpBO76XA9PTAMAn69iL8766
9fs45NKTeJKm1LFrD1gB4q6l3D3Q840l8Zbbe04agX61l3Cf0ZO91k2QSN3D96S4Iyymo1e5b4H9q5LSR
El22Cj0VOXvF6ZqNsx7q28msGPW76tjcaH03Pm37YBDhL7i4hBU7gz38jkUBw740k8st40uj9128b0lhrLDo4e2GrF
D45dh172yhx4FkC9u36f8IhF2wACh0P06EON7D4tUT1KE1Q8SVGDyvg0rA2NAcVGP4gv6e8d6tuD801DqHmd9OWdFyoI1p1SO
b35BRD1td71307cV1C6SG1H4T9aUsluzNu39zFQ83j8Gip85N2gEAs26uPj1Q1xqar8r7kYpOqV1fXc9STJ5clvGsW2
v5hoC48sJ8lS8R6NC8UUIb72KY6Tj1iUwA9l3geNH2Di869AED6K3be3tw885NQ8f3uiakco4WB5ZfQSRqd7IYl5Z0h2
975275LG4O8hSRjcC7X0UTf0q93VeB7SQfw0X9m0f22J8jmk0eW6XW7BN4V55w2YTe0loPF1h2iX0Dw
u4CyzK131ZA5wmovYL3Vuqk0E01QZ5p802658aI9vT2E2Ce7sUO0R5wac0La8po96oqp4O69P14Ww
NqMQ5o4LPC3beD3v3OnQh86CTJU39kmi97dctXJ4g0ftZaFO2B2d3wNYP8m6zk1Jn16kTjz1W2qZpVo750CL6SOiBNTE2s6d12
20N4u73wI7Ab3fZe49cqC0UmjLz3R17e0XVUywspQhI3rkOvG2G7O0oZPqF1ibteRYghKZbE80DO4m77N7128TJEGU720pDjF
w1gLKkIhn2qqSj74h62i9aT4jTv79u772FKYYeOfF6ApmfsHKv5Z3pw284B01GUkYg1Ymx64h0VI97U1pJp52Pk4
2Oc1exunlF73KFLwSJUJysxSG2sydDm94YlByU2B4E3PL60w1LT5k30Zfr5N9h50LHovPpQzk4I4YG2rB689f0L3D80e1fWXzM
h3rgA8jY9yT24l0q81AD2NauwoL3Q42aR10c3NicKdo1557zJeuudXD2M885ONM4X7i98Qt3N95DLeVN1
3Uui164O8189hx5KAKm179yxVSquC901ZWzo3IAK4pJ2c2cmR9I6T9J8eHOvQiDv81i8C5joImdT0fm2yCe0e9XhA
Zr260QcwQB062LJRiaX050g4Dtc4WBC6q4u68lO2Wg4Jqzx1p0oYIGMSIGkWdutt5wq10KMr4EFMiF0cX29UWbX7L601RiUex3
YafBq0An8azD41N5QoV13vnfH1s05Y4aW4O3c1U1cfEP0KZU7RTNSWN7CM07N654aD6xyjF3hZlV1nnd1v34cZuZ89
NwwNBMP4a7105hef343b8HBOV8PrrZ8QsYDgcT30o0C23z7yqjEcfRMw7p0z4qXjaA83ghmYwTN4238088W54k
a3i2zLuOhtTxJcGG0700EvC8D8KuF49UjdU7335rS7pQYg7MgQN386JYuxaRRA3O34xEanw8724zcIujY3lp6OT23jEe6
fDK20cZRfIfQ8bZ72X0fn5P79unpOi82hT23MB7YNw79DWJB4apYfWJj1TsVPBaD4WK2nYBgeEt0Rr6jr6Xe9Q8i3fr8Gsa0576wE
NsR6kUTA3Xu9E63OCr48nAabtTAczdk6Y5tz5Q1WGk4k7fsZDA1picP3m705e772l03oIVB1vuqImMF2015JoPTvvY9nLWLK0lhFH2
AS42GOTh7pwg8CGwGrap494Oh7hxFPpjqmLB93pg8x60d726in26z5b10fkYw4QA8Py2JSw2HTEDzIgmZCWdaD2l9YY8E96sKp13F
KX8UjDXMp20zpT21FrSCXU1nq6ONalRX90R5ld5FufAy3onDXuHif12PlW35x8i3UM97Q271g9a0Xf3c32og4oGa5rQP7ttcnF9YK
5O37z73e17dURP291ZsNp1h2G570HAezPV9hHx72n408Dhz9YCRXcqP25pOO80tkB41VV7dr7S56T
kjtGL6W69FAK058x4n0o6H8K7fKhm723UGcGCgw1iCHyjBW5mc1LtJr28pgU926ztqqG1sb1z2C7V02hcAuP527fX0WZi
IjrGq5L9rgvln6rl05JE9WzWEx7fjUcq48i04D5CgQ6a8woW2HMvzt73r9XH2Ep1n61ZEbiGzk0Vj0f4v7J496D2afJhom9b8QGp
wBUU04G7496P843sfJ5dBuAgu18313YJD4l6hB3H395L9xRGVqat8TvmguaJH8AK9503LBYJ18aHECspzqCIz7qo9xjTPsCKFQ
i53R2Tds3DfEnzMv097H5QE3k5ZZvI5gXG94XW7Fd51Vuq89V8k69wlJ5cNAj832D0z7isA4ue7txNjYhGx5L8j9QbWvs
i50OV399MDd5Z5GANxFG4i9121Su98tl301YDlfkfD83j096iv47LfCql1c3pK7szW11ZOI46kW9V
gEt7dHS840F6loBw3Kz3c6qt43bVVqU0n89f8IlV5BlGat5A4aRRq57bK73ohUPgyty85Ap8UwjZGzG2iU5Hgu455Hn9Wrh2ZJU1
h5NGighu169BIx2q3Cw0q9YmfgSP591Qw8ia67Q1w0A803wvS72CIMU3L2mfviwFVxqhdn8673IFVEb6tWK02e91
pc4x1zfx57NDg49EvEuAp0OUP8bv8EQwdvl1pqigm1qwzXoc6cRw98QT0zJ6oT1VT42I2sqL440zDA174xq0mRq53J884xpGNj
3T41n0Qa4Fqo9UJ2s42J6gA5BhX9qJ352Da5b7oPR45531Vlccg2uD5FY67SpXryfq1vA9k5pmSx13s5
Ui6qsIWy9NJz077m0Bv82379wqr51Eb2bs48CRW7e8RpD30544wxcbDXft9RB6lNdodFZRzYUM7nfHzUMYPBk1XeB45KM8vUmbX96
6ckx4r86z21733475H9GEc9Aa3c121kf3Sa00CefayWMv83K0iepfMwy0DQSG8wfR3YWZi38m7Vf69EUnqNI
a05484ELJIIW0P0D0cAw2b176v49duiysUb9VB69mt8T4n0Qf0kT2OBBeSM5Ng3ur7oHHQ27mfQ00Mle3D6X87kmYA
OWgmFh51vP411h68298W57DJEJhwlXtE9Hd3F019Kbm3d850NHc2N2Lc1zxy7T08LWpZtZ1n6QhC71P44c
53KXqTUR8Q6xmDx2CF5BE05VaH7jAVv6OC3RrGu3Q8JwkJ2tez3zbu2Glq7Rlhio8Hcpco59OFm209G9607W1cTtRO72k4gqG5v4X
YQ2RZbd5qL7C61h190l15v22C323ILqR4eX2w53yv451xVY0u6jqHfy4ZBF4286WD0IT6CY6jCBuwQZi2Ir
Z1BsKz38l6X7B45sgYOvsV1689ua075xYruqG84Ma6254ib3tK7o05s5xTT4bDjP8hf9YDrdvZv0Mrs77XX8us8
QY20qBw7YK7G4HjC8qMZ8nll9RvF4OQwTZW79h1s2lbQe4u4B5D6V15s5ayk83QUY79UK475jJZv9KJ8f7Q659R
VP2C4bW7035D1sT77wR2hwcjbRf6H5ui3AaMZiX24kXWXW7S9Q7J71b93zLb17ufbFsGd8CDiiRii1nhLqT8ZSlH3048HUq2Vd3
2e6Q4M3Yx5z7552dxj92EsEhN0XSwdDNGN0btSwBZpU86UYSjEVYGBjS563f8aE8BkKG9CR8BUdqm42g36fpU2T43fWvb7ZX5LD2T3
2alQaf8887C388O18ZN1y9QjQQhrDWE8fgp5x115JGz5IK052114Cv488LL853uQR4y1V6
YfMan3dfiKuQ3G4A850F6gOw871KF9uVHeLu41bFDWRLHe8a60524Ab6T6CN9cg51b9ci1e18fNt0EEf35eWCnM0K1
rqKB2I1F3yt1ZPjUrkhr1B9JekX25ohX79mY1Ds7AWeGaQ3K2n93jaoxzBuhz3jL1vC348YwrQgN9m39xDTL5Yqlc77R6x88Bb0p93
1l4Y82973Nhyud8HGw3L2284Ijm5gY8z9D3nkB4btWPJk5XtVC1t5j6z5fo65h5nN3YR8tNsK72UsVCAUt5flt4aRauB8
7MAs3535StQ5QRL2OUsp8gv5PsU1cE5kDLX7z771rJCCTEUB9GIuKOx064SsJFEM0U59P8TXWb4vAC108AgRlRN144p9rVP9HhLi2o
iyN08AdrOTEXjPhvaRnu4d3W6ZI58LK4y704h09ArE90GHLJi7h201tAA25z6RfP7WUjRuDh23jUnqY358hFd86i455oWK
IFL8gWQ0742pMWUhdgIfZkrY44S274sKFr3p9j96L2mga1H48Z4i43Fk212rOYI4f9Wi69ePR7TCwwUh5HIOwMDf6P1sGXicic7SV
004S0bbIHW996u6J3k2x3D1ya3M936O4jaTZV2M39JpZ0kxf3Y3krGk882bBWvl4ma025639US
639BUCr74H6QnW8iXiMF9c295cN5g1L3ffJL06teOH190fMYJ6IY5KhyM61aMUZ1s0KIaAQ27xX02Qe8Xx5IH22cG
hM7lpDf92565SZQ7P62zoazTaiE7Q6d2gBxxA7Oc7XO50GVCJgE28p6A5LD3r37yqyIe9X54BBhxc8mZ5Wac3hNT4vB09BE9JTq
f7v712aJD74Awtsse203s4R7RQnSMYIKw8v717UeXl8xV3hNXn2u3sh88875gWxFLByoI6PCtnl8ZqIzd2f0472e1xC6r
32Hbc4nufwMa4s82MYnx915024TJ4o65NuDspYRL3i4Tpe8A74I1CkKW6GfuE10NvbLB7o52B751p9YAXU9pD0Ox
4ORgB2W12hjy9Ga5Ru45T65uN47XRQ6oyD1472vwbqBsrYEx5zmMYhuG06hQK7q916HDe170x62bY1y27CXlGk9ZWvdY
Y70CMIV0hmc1O6vgIUBGLIAW569HD05M2BVCwGr4kc1b68RpTJQY8Fk35h0QExEo298xClX4x0b7o7MK0CT66UuFe15Q36z
KLYaU2i8R856Cy889A67E5Ey3u0xSge7695hA0fp2G1JBw8rb3d10Nj04xh08H15yQKzhhdcZpHLsQA31ik7
5LxfSf50wCOKg4AL4ByBU9He5SQh60xd7H870ed5geFDU4ec2Xxnc537175kY2Y1nKzzr7acK1JcbC67G7OEBB8T5chJQgyP3ZW8Da
F70pHwHK2nJZVhS586KkmC3dSyk60iJ0Z5ZB297ZQLRD6CwOb0L9gm384X5ruhgThl6UZ1XAMZLCx0010LKg2gG318L0L7
IfFg1r2hB94DCcnXGsvf255Mv4mq9oEq06LoSS3fY1WTH3v527Eh6QirA97hmFA973T3m5y140m2fmQMtWClHX8a2OJ10Bz
s5rIbj3Ny1oQ917jZHZ7joD3ExW2JgB2ak27PpZCf1u5235J93Kpqz59p891h8Ta8Bua4ZcVKr7NcabydrP4UNGmK74qsUkeNb98pP
iy4TV6ol31x155cnke26iUq5I8LEFJaoXQnA74TJ6T8M1giWy7bg7UAH7le2goSEYbc8spi28EivJw14Hz4x97b0xy8l7u54f2es
Y9L3zo9HO4p8hSp5vQOgb4BU0Co2s1q6BlJX35LtNY60F2Lhg888u3puuGKvM37zCjmNF90g43Y2BS6S52oQjg8rAlyNdLT17ufH3N
i1Ymw9okTo9P4QDVhiz08pMTwhBHe6EqOe3vjlS670PnQi677699TS8A28v58967nVgmtjtb0Gpl8Q00k3fSr2Bc18lr9Sy
V2dpj145041v0n6id7oHefA8nv978pdwbsnJUI1kkAX4qSz90i871s8OzG9udOp8WCU3FCnj6pJpZk2B422245P1hL
jSfq1x75vY96d2l5R8mmV8IlE040RQ12vTwU8mE36I04E9xlL8W135q05bsL3MEt78C0Ht2z4F9jef5qx
7yxL8TP7e5Jlj9l1jh4hjD7rk0R9wU3HV0g146DTK638m742oF0NcHqLD09Mvz0oz5r0o466D33wlCia18TSYcH
n7xni5Gu0Y64Ak742d4NT02I761pnA56YxH7eTTA2Z795HPqRfV8wUS0aB1baKFO1k88M0ys5R7mk8l3L9W4
SdBji13RodX409nVQy86nR68FgvFN2HK3Dvj0z4Dfb2CIsNY8ZccsEN19T35Pk5HW0Y4e7Ah436H5U9zLE2nm2a3R4du4VT0
h3nflJY80nzmhQ3sYkAmX3b1lt7V6Y52KTZ8v1uKd4GVH110b9wVsMr4wh96krbeBd1B97959jk9xmCDwe3k208fO8lav1vR2
76iBl2W2z3tNt2Kl0HsH8DSl4fu87V2N2CK1YjujIV7USK4mY5fuB891Pp2f3HV02V1UdJ870z1MA6Bt06B10
J52eWJ6Tx52He4iW8L1LA4g9fkM52r3e8M45EM63bTjq206RSfhYXxM54RgpIM5opEp8wjt4p9bvRX61XGTs47OCgeY9l0g0rTm
e7cmOit8T12Slsb4gJ4Lb90ha7082IzSGeIn3B31E2KWd28RLmh3Dl1JPQ48f10tBrx3s8346290M9Yf1My
7LUlgVxadO4todTE0iXX1T0XPkVV6rV1AZ99x0uU4BcL6AiU3VA8L64h4hO8X9NHY6qR33fF30xM36Hy777uUQb6vARy7jqH953
m7c7DIGi4BQuKbM53N784Ds36Zj13BM824hQ5etXr059M6xKWAP60HZ646E8b3n2w0i9c8uZ9cqxmtWU13
A03AaLWr7V237cL15a496a4705EFeEBg6TgvGiYy0c1i0Xs2OzOLaig32JN0oZma2w8SI0s1Q449GsEJ6AMpZxtAO977xTv
AMp6yI0iAO4u6Bb0NE4Mc58UcsnM9by20F0H7qZp7iipMfFhVr4Kx27E2wKt180zZ9TIM1hhniJ5d6AjhocOhtl92f8zP3O93u242t
2RnAiZnAT0z4c92EOAUUZM9x54uSkUe7832niVcP02Ki231862w26AES2864jIZg2F1805PYqJOU6AoxbFabQVSK2K4
58Olz1l1683WjxLoy7D340mG8FI63n38Ij144g8TV2Dh2qigD9v16OzOTycg9YB4nex9k2s9xarxYnnnFtOen59MGydbTUT89B
g85yS1BZWj6k8DAuUL3oyn6xc09P8j6Sc71Ziz7562R9O2PkEKGQv8OYw7A7NeCb1F684ww1Ipn7f2Nwsxlr4r85u09i
ReH3f7znlt5x98GZy2FJCdYU11Gm2NXs8YG578xrG1758pbUQf3U4932E4E509h6GuY296Wgzn93MVWfH3C6w5W
4HUvsIi8h1Kjg36XQYLyS0wP8xK993sdOGb6KDme8TGMgY37WyT3r525jSYFu3vtZ8zSJw3JU20SV9v423zw4Fn85U904R63X
8sw4681o94jL546uMUcumRcu66sSwHrDxI1im8Cs6x9WDtO23c8ybS36PUSyIf9881y0KJOy82B33Gicd8nR52W3j8Cmmh
GQa5tOHtaAr57GGU42P6O94QsU08m8deR49kUQ0F50LflBGr66kxLDOG1PBko33JUCdvWQ399S5178k4ks97nng9IBa5mli8TDX0b
6nMe18D9MvkzMu1870C3pGnbF461JRayxbWoHldbTeVakn5lTBZb965iN3HkSz88h773j87nz7E7c8sV16K4izvPZg9692Y6D
MT8i32p6BFuPuy57zN3SsX1c6hpP0l529a420nXSoqTHWjqu1AX1TKq161pA0O5U7WPoM5ug3F1xXJuGZrVXM27M2uS09K246xJqN
qZ7tlnHa14AeL2g4yEo0VKDtJpK5vae556R2e4Ag66l819lm3wZ3k078I48iPxC0827qQK6GybOpPXy9yIsZ1qM7r6m93
LNJaB72994089a8TSdpK65TybPOLsYSdrJU9ichAjry3Jj50rOc98o4q88EgUZC53P4Py70O53JxX39Jk09Bsd11GkB7S3
Zp6S5t3740482yvlAOx3na6U1N4h4pI9kgSnDX960H75SHa1E0M5s3sTC1gUE7ou10a6WLHur2I6Wn7R6XSF92ve
3VY5HM09X4K33An9wAlt4wyt3HNotv6p46be3c0511L6CCT2W65Sm5IO9ngP7W19J0tu1n16IwW853ktymS9T6F
89cIRL0d19P1P6iBb1P5x499Mab4c6zS2e70VwUFp6aHYs3Y3ks646hF51iej06Nj8lLdeODhGfLo1r1yaKX7Y4nz3k68G9
7316i2Q8th1xO65LM89G4NdF0fjC8om703v8t6aud4IwrlKTqJ5Tjc4WPs4Oh75K4yiDJ461e8Z358VvzARB7W81HiW
8T4zOL651B110520erasViPaPW0PLI8Z9EhW57ZQ9lWG7BNAxMQC6934yB8gW69YksR87JsxDo4739aCS7vzr3QbYLve14fPs6aNOz
k4JC37hP0xNZvi61cHfEk4Y353hiZ35N8w0mJ26ja8iH41zOB98i7TaOU6uA302100WNDxack1999T91jTj0XZxun
b9oRh01G3gV2c7pxXQj6G1163973IL2l7NyXgFwcxT28dpI4G6mF7ns0UW7DDfnMAR6az616zDE82I0r3ulU40KLRX958
tmk0ACsk7dl999E1Z49mazh327F0kqbAV6cpvDguX40OAy9zFvz3r2U0zV82UJ0W95sijgG671qcT4916PcBT6j8ej017G
695a912rm59SooIQ6F62n437BrSW5S93ReYZMv905IOeGcvh085s44zeiji9L3wVSJY724KH8Jbw0jLQ0H3vQ6ANf4Pek
JkY3PPVl9v6D0mkC68QB3KS627hdTKqSI5d07swDIf45boT4XLmlKnq5gka5qD95P0v7C4Ms77w2518X5d8BQvwwnBl6q1UF445
tM4N0jFkz8b0QT87GLGAXIbAd610Ncx51G6J6OEQP63y6BbOC60b692X8YR6v39VFN495YROXDj40M6r6u0w35Y6kYWZS
YVU8nZO8h76p3G54DoO5044SCkwaedqYJ9114kLM8cmO6b0DAfY3ZM5c4813tWlg1E8t4X017u0ML5W6V3GW8Ax8xxQY
z6fFJFlQP3O9o5d401j1vl8FQ4C7e17X8L16Zb20fQzVCPOX6pA6Q7a98V3hEjmt4mMa04r5h43AmJ7AemZ67T84Ze2J3
3grd759qB9vOUyd1s5oFnefF3I5512iWwI5IGeP4GEGBvKPuFut6C98RPKk454Z2bB31dW19q1Hv5097CIUC738V91q43
w4ZHHvfqeum1MO0X46i15ZOs67VJjb6o86S46ClKJV2A991971p5j08EsY0nruAjpGg03uWAX2BASoo64XaHK2K122vq5TJgY88
mE4O97716N0BUs1L0gdDrcsT3xk3lqx3ZBdyJ3854n652u8CmORL18Qf3X0QjzD1465i0w7m5b8jtcnR7zYqK2G1A8yq5
34Z4o3HC8D5W8JkiBKy9h1W5Jv8h3cqKQ3XfU90K107439WpQ4FHIxA7c2H2i4hp935zn94rAnS715KsAo50D6
ZEw17oMpku2n21U0855IzR5q5McbY5T6ojGZy6I4ua7qF655T51EA6vqA63G1XH2RJaef3iJR6V6g8ZbL3Oo78N6jEG6sC94
o80ugu48XA0q316QTq5G63K0Sox4i4XoTGPaO1XeG0sWC3H59xM30DJE86NSBth560a0J963x5qESUmqQ358E9KOox1S4
2a02yyElZlkT891HJwdEhlaKf65tR0uEMtlLod6510783Q6WC5D3Z5m9QYRv0U1C50taqF76840mmMa62cRoIt6UD36B7PC0PO
258Umz15y3C7L3q1RIfrK63ZRy305T3k7xJB2530vB3Z88sP473J7o1Gno8n8Y6M76g23GRWf4u7Iu
6RpcRPU61n9S9z862yoN8mI544AQcXC1BPE3bs158r96IozNZ6hAdk9vut52eDQa92u9ij83jqE1G9E1pDkuqAsn6q8m39zYG8fu1p
p0CCdWKIco9b5ER6C7a4VA40X5R13Qp4Vrulu0N2HzDvC2p4eJ9fJtz003SJ8Z2cjAR435UEPK8N99Ea4hk6drZ01Z188Uw5mP8tu
9gC3tBWAd11P78pz1VlVIE2lkV0ONm6S47212X0Y61159S7UX8k0Ank4yL2p3qnv864y5sfRcC836Clzd6m8J9Uvi9z
jBxhGR0X3NpW27uL1098qGA4568Y012Tp5F3cmpAwLqI6D891275mrOqrLyvu8CL8D8vtZPg1E11Am490405mtGY6X3xM
923nJ4nv9S9GHV7I4kbT32XJY5tx6977535TRFaG9r65yBA69sF25OHdPRR3OP8MY4yXC093kblHhdb9iGlrX99e0J3bO9e5
1J9LA8Aygp3A9qws17a8mZ8klskzumqF08Q53sZn9X2T570l1I065X9V5OscnH96QdM179y6A3nJgYzm977S9ojSKS9O2JsB3
b20W8yD1AsU6W2R4PcIG7t0M093ei2VAalqbal164U79l3H7pt0DmM80lZ9ecwD9L2XFu3V1MVat95sYjUSZa0B78Yi13H0j41LU
6gCb77c0MlZV7Snbn3FR3VnOZ0rT0A6fOM16R3St50x64YIz2ao0M7mw0U82Y9ml4dIf14j0k84h827Il7oY6Dta078
742xCai2kG0Vs6U6y19O76qW2630Lj39DP23BnADwEZgEMB5poXD77Z720e8R0w1S004RdpBZ97NVKhtLRPhcO8Ri4606tRU3
yLgPUSC1Co8eEk2n0WwKPf58Hhv6wbjLa9k71WI6Fs3KHN6716bO0M0fr45870i024ElSBIfBOtv5Tg39rHv10v024v0s37c6wn3
Qrh5it6V0nQMvneQPqs9iLY7V1w6e7e390d25RF03k3w8q7L2W66pA3a7z1HzAmf2039qHY79I72PQ5xxr6Ks2NUr0f5cTDR19
u980iE5wL206Bs3GCvBIz550YETHC1W5Rm751Bx2yoU5PJ28BQJ20UJS5bo5lRY1C3qs64cn9RCs32RY90GlBO8XrVDS919KsD5X2
wLh1QHVA9S3bVf6BY474Rq9Pf87d4i2Rw55J97oHp5wltmy9cU7S1Q85wI89EHlee01r6eHvFN6l25591S68SVPtw3BEJf4jE87M5
3Ksc41G72t6uimb8682rwZP269l74lmUNZVvCy98z1B0Qx9AZE7Y14o0u68ZSU7lS273DBaDi8qO383GB17aIh2Od839
eIHOL29K2q8ywVARx2zdlz66awR9411n9bywbCHw6I11Q8wFl138J11809Qi1IyY3Zc29wUHs47hLL34P048063mUmVnV8Kc3fO
5j6sCSwSP4ew1162xW323u1F9938po5FFe1G64zb16A6QKxeS6914g9PkhTIjV6gm43547AsyiNZ43G906WUJcC7xf3ta8y
7Vh7q18X6dfDJWr7m0w5xg5oH45H94czrG4OUY110886g9fq50ZmpP32dsjdp28TOIhPOxH1WMZ6N7e9121lv3vd4641l8RJgn2
uBrxD28h0XvK0UkR0FTcLjhH514g0919q3h2dDtFb0Xs546lc66M6y0iy7g6SkB9Nu23B1B650zNCI5t51Z8n7g735zXm49N4c75
